[0.040s] Invoking command in '/home/peach/ros2_ws/src/orale_node/build/orale_node': CMAKE_PREFIX_PATH=${CMAKE_PREFIX_PATH}:/home/peach/ros2_ws/install/urdf_tutorial_r2d2:/home/peach/ros2_ws/install/urdf_robot:/home/peach/ros2_ws/install/p9n_bringup:/home/peach/ros2_ws/install/rqt_controller_manager:/home/peach/ros2_ws/install/rosboard:/home/peach/ros2_ws/install/ros2controlcli:/home/peach/ros2_ws/install/ros2_workshop:/home/peach/ros2_ws/install/lucia_slam_navigation:/home/peach/ros2_ws/src/urdf_tutorial_r2d2/install/urdf_tutorial_r2d2:/home/peach/ros2_ws/src/install/urdf_tutorial_r2d2:/home/peach/ros2_ws/src/install/urdf_robot:/home/peach/ros2_ws/src/install/ros2_workshop:/home/peach/ros2_ws/src/install/raspimouse_cartographer:/opt/ros/humble /usr/bin/cmake --build /home/peach/ros2_ws/src/orale_node/build/orale_node -- -j8 -l8
[0.184s] [35m[1mConsolidate compiler generated dependencies of target read_serial[0m
[0.259s] [100%] Built target read_serial
[0.285s] Invoked command in '/home/peach/ros2_ws/src/orale_node/build/orale_node' returned '0': CMAKE_PREFIX_PATH=${CMAKE_PREFIX_PATH}:/home/peach/ros2_ws/install/urdf_tutorial_r2d2:/home/peach/ros2_ws/install/urdf_robot:/home/peach/ros2_ws/install/p9n_bringup:/home/peach/ros2_ws/install/rqt_controller_manager:/home/peach/ros2_ws/install/rosboard:/home/peach/ros2_ws/install/ros2controlcli:/home/peach/ros2_ws/install/ros2_workshop:/home/peach/ros2_ws/install/lucia_slam_navigation:/home/peach/ros2_ws/src/urdf_tutorial_r2d2/install/urdf_tutorial_r2d2:/home/peach/ros2_ws/src/install/urdf_tutorial_r2d2:/home/peach/ros2_ws/src/install/urdf_robot:/home/peach/ros2_ws/src/install/ros2_workshop:/home/peach/ros2_ws/src/install/raspimouse_cartographer:/opt/ros/humble /usr/bin/cmake --build /home/peach/ros2_ws/src/orale_node/build/orale_node -- -j8 -l8
[0.312s] Invoking command in '/home/peach/ros2_ws/src/orale_node/build/orale_node': CMAKE_PREFIX_PATH=${CMAKE_PREFIX_PATH}:/home/peach/ros2_ws/install/urdf_tutorial_r2d2:/home/peach/ros2_ws/install/urdf_robot:/home/peach/ros2_ws/install/p9n_bringup:/home/peach/ros2_ws/install/rqt_controller_manager:/home/peach/ros2_ws/install/rosboard:/home/peach/ros2_ws/install/ros2controlcli:/home/peach/ros2_ws/install/ros2_workshop:/home/peach/ros2_ws/install/lucia_slam_navigation:/home/peach/ros2_ws/src/urdf_tutorial_r2d2/install/urdf_tutorial_r2d2:/home/peach/ros2_ws/src/install/urdf_tutorial_r2d2:/home/peach/ros2_ws/src/install/urdf_robot:/home/peach/ros2_ws/src/install/ros2_workshop:/home/peach/ros2_ws/src/install/raspimouse_cartographer:/opt/ros/humble /usr/bin/cmake --install /home/peach/ros2_ws/src/orale_node/build/orale_node
[0.331s] -- Install configuration: ""
[0.333s] -- Up-to-date: /home/peach/ros2_ws/src/orale_node/install/orale_node/lib/orale_node/read_serial
[0.334s] -- Up-to-date: /home/peach/ros2_ws/src/orale_node/install/orale_node/share/ament_index/resource_index/package_run_dependencies/orale_node
[0.335s] -- Up-to-date: /home/peach/ros2_ws/src/orale_node/install/orale_node/share/ament_index/resource_index/parent_prefix_path/orale_node
[0.336s] -- Up-to-date: /home/peach/ros2_ws/src/orale_node/install/orale_node/share/orale_node/environment/ament_prefix_path.sh
[0.336s] -- Up-to-date: /home/peach/ros2_ws/src/orale_node/install/orale_node/share/orale_node/environment/ament_prefix_path.dsv
[0.336s] -- Up-to-date: /home/peach/ros2_ws/src/orale_node/install/orale_node/share/orale_node/environment/path.sh
[0.336s] -- Up-to-date: /home/peach/ros2_ws/src/orale_node/install/orale_node/share/orale_node/environment/path.dsv
[0.336s] -- Up-to-date: /home/peach/ros2_ws/src/orale_node/install/orale_node/share/orale_node/local_setup.bash
[0.336s] -- Up-to-date: /home/peach/ros2_ws/src/orale_node/install/orale_node/share/orale_node/local_setup.sh
[0.336s] -- Up-to-date: /home/peach/ros2_ws/src/orale_node/install/orale_node/share/orale_node/local_setup.zsh
[0.336s] -- Up-to-date: /home/peach/ros2_ws/src/orale_node/install/orale_node/share/orale_node/local_setup.dsv
[0.337s] -- Installing: /home/peach/ros2_ws/src/orale_node/install/orale_node/share/orale_node/package.dsv
[0.337s] -- Up-to-date: /home/peach/ros2_ws/src/orale_node/install/orale_node/share/ament_index/resource_index/packages/orale_node
[0.337s] -- Up-to-date: /home/peach/ros2_ws/src/orale_node/install/orale_node/share/orale_node/cmake/orale_nodeConfig.cmake
[0.337s] -- Up-to-date: /home/peach/ros2_ws/src/orale_node/install/orale_node/share/orale_node/cmake/orale_nodeConfig-version.cmake
[0.337s] -- Up-to-date: /home/peach/ros2_ws/src/orale_node/install/orale_node/share/orale_node/package.xml
[0.339s] Invoked command in '/home/peach/ros2_ws/src/orale_node/build/orale_node' returned '0': CMAKE_PREFIX_PATH=${CMAKE_PREFIX_PATH}:/home/peach/ros2_ws/install/urdf_tutorial_r2d2:/home/peach/ros2_ws/install/urdf_robot:/home/peach/ros2_ws/install/p9n_bringup:/home/peach/ros2_ws/install/rqt_controller_manager:/home/peach/ros2_ws/install/rosboard:/home/peach/ros2_ws/install/ros2controlcli:/home/peach/ros2_ws/install/ros2_workshop:/home/peach/ros2_ws/install/lucia_slam_navigation:/home/peach/ros2_ws/src/urdf_tutorial_r2d2/install/urdf_tutorial_r2d2:/home/peach/ros2_ws/src/install/urdf_tutorial_r2d2:/home/peach/ros2_ws/src/install/urdf_robot:/home/peach/ros2_ws/src/install/ros2_workshop:/home/peach/ros2_ws/src/install/raspimouse_cartographer:/opt/ros/humble /usr/bin/cmake --install /home/peach/ros2_ws/src/orale_node/build/orale_node
