[0.141s] DEBUG:colcon:Command line arguments: ['/usr/bin/colcon', 'build', '--packages-select', 'orale_node']
[0.141s] DEBUG:colcon:Parsed command line arguments: Namespace(log_base=None, log_level=None, verb_name='build', build_base='build', install_base='install', merge_install=False, symlink_install=False, test_result_base=None, continue_on_error=False, executor='parallel', parallel_workers=8, event_handlers=None, ignore_user_meta=False, metas=['./colcon.meta'], base_paths=['.'], packages_ignore=None, packages_ignore_regex=None, paths=None, packages_up_to=None, packages_up_to_regex=None, packages_above=None, packages_above_and_dependencies=None, packages_above_depth=None, packages_select_by_dep=None, packages_skip_by_dep=None, packages_skip_up_to=None, packages_select_build_failed=False, packages_skip_build_finished=False, packages_select_test_failures=False, packages_skip_test_passed=False, packages_select=['orale_node'], packages_skip=None, packages_select_regex=None, packages_skip_regex=None, packages_start=None, packages_end=None, allow_overriding=[], cmake_args=None, cmake_target=None, cmake_target_skip_unavailable=False, cmake_clean_cache=False, cmake_clean_first=False, cmake_force_configure=False, ament_cmake_args=None, catkin_cmake_args=None, catkin_skip_building_tests=False, verb_parser=<colcon_defaults.argument_parser.defaults.DefaultArgumentsDecorator object at 0x7d3b01c8af20>, verb_extension=<colcon_core.verb.build.BuildVerb object at 0x7d3b01c8a320>, main=<bound method BuildVerb.main of <colcon_core.verb.build.BuildVerb object at 0x7d3b01c8a320>>)
[0.393s] Level 1:colcon.colcon_core.package_discovery:discover_packages(colcon_meta) check parameters
[0.393s] Level 1:colcon.colcon_core.package_discovery:discover_packages(recursive) check parameters
[0.393s] Level 1:colcon.colcon_core.package_discovery:discover_packages(ignore) check parameters
[0.394s] Level 1:colcon.colcon_core.package_discovery:discover_packages(path) check parameters
[0.394s] Level 1:colcon.colcon_core.package_discovery:discover_packages(colcon_meta) discover
[0.394s] Level 1:colcon.colcon_core.package_discovery:discover_packages(recursive) discover
[0.394s] INFO:colcon.colcon_core.package_discovery:Crawling recursively for packages in '/home/peach/ros2_ws/src/orale_node'
[0.394s] Level 1:colcon.colcon_core.package_identification:_identify(.) by extensions ['ignore', 'ignore_ament_install']
[0.394s] Level 1:colcon.colcon_core.package_identification:_identify(.) by extension 'ignore'
[0.394s] Level 1:colcon.colcon_core.package_identification:_identify(.) by extension 'ignore_ament_install'
[0.394s] Level 1:colcon.colcon_core.package_identification:_identify(.) by extensions ['colcon_pkg']
[0.394s] Level 1:colcon.colcon_core.package_identification:_identify(.) by extension 'colcon_pkg'
[0.394s] Level 1:colcon.colcon_core.package_identification:_identify(.) by extensions ['colcon_meta']
[0.394s] Level 1:colcon.colcon_core.package_identification:_identify(.) by extension 'colcon_meta'
[0.394s] Level 1:colcon.colcon_core.package_identification:_identify(.) by extensions ['ros']
[0.394s] Level 1:colcon.colcon_core.package_identification:_identify(.) by extension 'ros'
[0.410s] DEBUG:colcon.colcon_core.package_identification:Package '.' with type 'ros.ament_cmake' and name 'orale_node'
[0.410s] Level 1:colcon.colcon_core.package_discovery:discover_packages(recursive) using defaults
[0.410s] Level 1:colcon.colcon_core.package_discovery:discover_packages(ignore) discover
[0.410s] Level 1:colcon.colcon_core.package_discovery:discover_packages(ignore) using defaults
[0.410s] Level 1:colcon.colcon_core.package_discovery:discover_packages(path) discover
[0.410s] Level 1:colcon.colcon_core.package_discovery:discover_packages(path) using defaults
[0.435s] Level 1:colcon.colcon_core.package_discovery:discover_packages(prefix_path) check parameters
[0.435s] Level 1:colcon.colcon_core.package_discovery:discover_packages(prefix_path) discover
[0.449s] DEBUG:colcon.colcon_installed_package_information.package_discovery:Found 55 installed packages in /home/peach/ros2_ws/install
[0.450s] DEBUG:colcon.colcon_installed_package_information.package_discovery:Found 7 installed packages in /home/peach/install
[0.451s] DEBUG:colcon.colcon_installed_package_information.package_discovery:Found 1 installed packages in /home/peach/ros2_ws/src/urdf_tutorial_r2d2/install
[0.453s] DEBUG:colcon.colcon_installed_package_information.package_discovery:Found 19 installed packages in /home/peach/ros2_ws/src/install
[0.456s] DEBUG:colcon.colcon_installed_package_information.package_discovery:Found 1 installed packages in /home/peach/ros2_ws/src/lucia_controller/install
[0.460s] DEBUG:colcon.colcon_installed_package_information.package_discovery:Found 463 installed packages in /opt/ros/humble
[0.464s] Level 1:colcon.colcon_core.package_discovery:discover_packages(prefix_path) using defaults
[0.543s] Level 5:colcon.colcon_core.verb:set package 'orale_node' build argument 'cmake_args' from command line to 'None'
[0.544s] Level 5:colcon.colcon_core.verb:set package 'orale_node' build argument 'cmake_target' from command line to 'None'
[0.544s] Level 5:colcon.colcon_core.verb:set package 'orale_node' build argument 'cmake_target_skip_unavailable' from command line to 'False'
[0.544s] Level 5:colcon.colcon_core.verb:set package 'orale_node' build argument 'cmake_clean_cache' from command line to 'False'
[0.544s] Level 5:colcon.colcon_core.verb:set package 'orale_node' build argument 'cmake_clean_first' from command line to 'False'
[0.544s] Level 5:colcon.colcon_core.verb:set package 'orale_node' build argument 'cmake_force_configure' from command line to 'False'
[0.544s] Level 5:colcon.colcon_core.verb:set package 'orale_node' build argument 'ament_cmake_args' from command line to 'None'
[0.544s] Level 5:colcon.colcon_core.verb:set package 'orale_node' build argument 'catkin_cmake_args' from command line to 'None'
[0.544s] Level 5:colcon.colcon_core.verb:set package 'orale_node' build argument 'catkin_skip_building_tests' from command line to 'False'
[0.544s] DEBUG:colcon.colcon_core.verb:Building package 'orale_node' with the following arguments: {'ament_cmake_args': None, 'build_base': '/home/peach/ros2_ws/src/orale_node/build/orale_node', 'catkin_cmake_args': None, 'catkin_skip_building_tests': False, 'cmake_args': None, 'cmake_clean_cache': False, 'cmake_clean_first': False, 'cmake_force_configure': False, 'cmake_target': None, 'cmake_target_skip_unavailable': False, 'install_base': '/home/peach/ros2_ws/src/orale_node/install/orale_node', 'merge_install': False, 'path': '/home/peach/ros2_ws/src/orale_node', 'symlink_install': False, 'test_result_base': None}
[0.544s] INFO:colcon.colcon_core.executor:Executing jobs using 'parallel' executor
[0.545s] DEBUG:colcon.colcon_parallel_executor.executor.parallel:run_until_complete
[0.546s] INFO:colcon.colcon_ros.task.ament_cmake.build:Building ROS package in '/home/peach/ros2_ws/src/orale_node' with build type 'ament_cmake'
[0.546s] INFO:colcon.colcon_cmake.task.cmake.build:Building CMake package in '/home/peach/ros2_ws/src/orale_node'
[0.550s] INFO:colcon.colcon_core.plugin_system:Skipping extension 'colcon_core.shell.bat': Not used on non-Windows systems
[0.550s] INFO:colcon.colcon_core.shell:Skip shell extension 'powershell' for command environment: Not usable outside of PowerShell
[0.550s] DEBUG:colcon.colcon_core.shell:Skip shell extension 'dsv' for command environment
[0.586s] DEBUG:colcon.colcon_core.event_handler.log_command:Invoking command in '/home/peach/ros2_ws/src/orale_node/build/orale_node': CMAKE_PREFIX_PATH=${CMAKE_PREFIX_PATH}:/home/peach/ros2_ws/install/urdf_tutorial_r2d2:/home/peach/ros2_ws/install/urdf_robot:/home/peach/ros2_ws/install/p9n_bringup:/home/peach/ros2_ws/install/rqt_controller_manager:/home/peach/ros2_ws/install/rosboard:/home/peach/ros2_ws/install/ros2controlcli:/home/peach/ros2_ws/install/ros2_workshop:/home/peach/ros2_ws/install/lucia_slam_navigation:/home/peach/ros2_ws/src/urdf_tutorial_r2d2/install/urdf_tutorial_r2d2:/home/peach/ros2_ws/src/install/urdf_tutorial_r2d2:/home/peach/ros2_ws/src/install/urdf_robot:/home/peach/ros2_ws/src/install/ros2_workshop:/home/peach/ros2_ws/src/install/raspimouse_cartographer:/opt/ros/humble /usr/bin/cmake --build /home/peach/ros2_ws/src/orale_node/build/orale_node -- -j8 -l8
[4.687s] DEBUG:colcon.colcon_core.event_handler.log_command:Invoked command in '/home/peach/ros2_ws/src/orale_node/build/orale_node' returned '2': CMAKE_PREFIX_PATH=${CMAKE_PREFIX_PATH}:/home/peach/ros2_ws/install/urdf_tutorial_r2d2:/home/peach/ros2_ws/install/urdf_robot:/home/peach/ros2_ws/install/p9n_bringup:/home/peach/ros2_ws/install/rqt_controller_manager:/home/peach/ros2_ws/install/rosboard:/home/peach/ros2_ws/install/ros2controlcli:/home/peach/ros2_ws/install/ros2_workshop:/home/peach/ros2_ws/install/lucia_slam_navigation:/home/peach/ros2_ws/src/urdf_tutorial_r2d2/install/urdf_tutorial_r2d2:/home/peach/ros2_ws/src/install/urdf_tutorial_r2d2:/home/peach/ros2_ws/src/install/urdf_robot:/home/peach/ros2_ws/src/install/ros2_workshop:/home/peach/ros2_ws/src/install/raspimouse_cartographer:/opt/ros/humble /usr/bin/cmake --build /home/peach/ros2_ws/src/orale_node/build/orale_node -- -j8 -l8
[4.687s] Level 1:colcon.colcon_core.environment:create_environment_scripts_only(orale_node)
[4.691s] Level 1:colcon.colcon_core.environment:checking '/home/peach/ros2_ws/src/orale_node/install/orale_node' for CMake module files
[4.691s] Level 1:colcon.colcon_core.environment:checking '/home/peach/ros2_ws/src/orale_node/install/orale_node' for CMake config files
[4.691s] Level 1:colcon.colcon_core.shell:create_environment_hook('orale_node', 'cmake_prefix_path')
[4.692s] INFO:colcon.colcon_core.shell:Creating environment hook '/home/peach/ros2_ws/src/orale_node/install/orale_node/share/orale_node/hook/cmake_prefix_path.ps1'
[4.692s] INFO:colcon.colcon_core.shell:Creating environment descriptor '/home/peach/ros2_ws/src/orale_node/install/orale_node/share/orale_node/hook/cmake_prefix_path.dsv'
[4.693s] INFO:colcon.colcon_core.shell:Creating environment hook '/home/peach/ros2_ws/src/orale_node/install/orale_node/share/orale_node/hook/cmake_prefix_path.sh'
[4.694s] Level 1:colcon.colcon_core.environment:checking '/home/peach/ros2_ws/src/orale_node/install/orale_node/lib'
[4.694s] Level 1:colcon.colcon_core.environment:checking '/home/peach/ros2_ws/src/orale_node/install/orale_node/bin'
[4.694s] Level 1:colcon.colcon_core.shell:create_environment_hook('orale_node', 'path')
[4.694s] INFO:colcon.colcon_core.shell:Creating environment hook '/home/peach/ros2_ws/src/orale_node/install/orale_node/share/orale_node/hook/path.ps1'
[4.695s] INFO:colcon.colcon_core.shell:Creating environment descriptor '/home/peach/ros2_ws/src/orale_node/install/orale_node/share/orale_node/hook/path.dsv'
[4.695s] INFO:colcon.colcon_core.shell:Creating environment hook '/home/peach/ros2_ws/src/orale_node/install/orale_node/share/orale_node/hook/path.sh'
[4.695s] Level 1:colcon.colcon_core.environment:checking '/home/peach/ros2_ws/src/orale_node/install/orale_node/lib/pkgconfig/orale_node.pc'
[4.696s] Level 1:colcon.colcon_core.environment:checking '/home/peach/ros2_ws/src/orale_node/install/orale_node/lib/python3.10/site-packages'
[4.696s] Level 1:colcon.colcon_core.environment:checking '/home/peach/ros2_ws/src/orale_node/install/orale_node/bin'
[4.696s] Level 1:colcon.colcon_core.shell:create_environment_hook('orale_node', 'pythonscriptspath')
[4.696s] INFO:colcon.colcon_core.shell:Creating environment hook '/home/peach/ros2_ws/src/orale_node/install/orale_node/share/orale_node/hook/pythonscriptspath.ps1'
[4.697s] INFO:colcon.colcon_core.shell:Creating environment descriptor '/home/peach/ros2_ws/src/orale_node/install/orale_node/share/orale_node/hook/pythonscriptspath.dsv'
[4.697s] INFO:colcon.colcon_core.shell:Creating environment hook '/home/peach/ros2_ws/src/orale_node/install/orale_node/share/orale_node/hook/pythonscriptspath.sh'
[4.698s] INFO:colcon.colcon_core.shell:Creating package script '/home/peach/ros2_ws/src/orale_node/install/orale_node/share/orale_node/package.ps1'
[4.698s] INFO:colcon.colcon_core.shell:Creating package descriptor '/home/peach/ros2_ws/src/orale_node/install/orale_node/share/orale_node/package.dsv'
[4.699s] INFO:colcon.colcon_core.shell:Creating package script '/home/peach/ros2_ws/src/orale_node/install/orale_node/share/orale_node/package.sh'
[4.700s] INFO:colcon.colcon_core.shell:Creating package script '/home/peach/ros2_ws/src/orale_node/install/orale_node/share/orale_node/package.bash'
[4.701s] INFO:colcon.colcon_core.shell:Creating package script '/home/peach/ros2_ws/src/orale_node/install/orale_node/share/orale_node/package.zsh'
[4.701s] Level 1:colcon.colcon_core.environment:create_file_with_runtime_dependencies(/home/peach/ros2_ws/src/orale_node/install/orale_node/share/colcon-core/packages/orale_node)
[4.712s] DEBUG:colcon.colcon_parallel_executor.executor.parallel:closing loop
[4.713s] DEBUG:colcon.colcon_parallel_executor.executor.parallel:loop closed
[4.713s] DEBUG:colcon.colcon_parallel_executor.executor.parallel:run_until_complete finished with '2'
[4.713s] DEBUG:colcon.colcon_core.event_reactor:joining thread
[4.720s] INFO:colcon.colcon_core.plugin_system:Skipping extension 'colcon_notification.desktop_notification.terminal_notifier': Not used on non-Darwin systems
[4.720s] INFO:colcon.colcon_core.plugin_system:Skipping extension 'colcon_notification.desktop_notification.win32': Not used on non-Windows systems
[4.720s] INFO:colcon.colcon_notification.desktop_notification:Sending desktop notification using 'notify2'
[4.735s] DEBUG:colcon.colcon_core.event_reactor:joined thread
[4.735s] INFO:colcon.colcon_core.shell:Creating prefix script '/home/peach/ros2_ws/src/orale_node/install/local_setup.ps1'
[4.736s] INFO:colcon.colcon_core.shell:Creating prefix util module '/home/peach/ros2_ws/src/orale_node/install/_local_setup_util_ps1.py'
[4.738s] INFO:colcon.colcon_core.shell:Creating prefix chain script '/home/peach/ros2_ws/src/orale_node/install/setup.ps1'
[4.748s] INFO:colcon.colcon_core.shell:Creating prefix script '/home/peach/ros2_ws/src/orale_node/install/local_setup.sh'
[4.749s] INFO:colcon.colcon_core.shell:Creating prefix util module '/home/peach/ros2_ws/src/orale_node/install/_local_setup_util_sh.py'
[4.749s] INFO:colcon.colcon_core.shell:Creating prefix chain script '/home/peach/ros2_ws/src/orale_node/install/setup.sh'
[4.759s] INFO:colcon.colcon_core.shell:Creating prefix script '/home/peach/ros2_ws/src/orale_node/install/local_setup.bash'
[4.760s] INFO:colcon.colcon_core.shell:Creating prefix chain script '/home/peach/ros2_ws/src/orale_node/install/setup.bash'
[4.770s] INFO:colcon.colcon_core.shell:Creating prefix script '/home/peach/ros2_ws/src/orale_node/install/local_setup.zsh'
[4.771s] INFO:colcon.colcon_core.shell:Creating prefix chain script '/home/peach/ros2_ws/src/orale_node/install/setup.zsh'
