[35m[1mConsolidate compiler generated dependencies of target read_serial[0m
[ 50%] [32mBuilding CXX object CMakeFiles/read_serial.dir/src/read_serial.cpp.o[0m
[01m[K/home/peach/ros2_ws/src/orale_node/src/read_serial.cpp:[m[K In member function ‘[01m[Kvoid SensorReader::timer_callback()[m[K’:
[01m[K/home/peach/ros2_ws/src/orale_node/src/read_serial.cpp:130:26:[m[K [01;35m[Kwarning: [m[Kcomparison of integer expressions of different signedness: ‘[01m[Kint[m[K’ and ‘[01m[Klong unsigned int[m[K’ [[01;35m[K]8;;https://gcc.gnu.org/onlinedocs/gcc/Warning-Options.html#index-Wsign-compare-Wsign-compare]8;;[m[K]
  130 |             for(i = 0; [01;35m[Ki < sizeof(read_buf)[m[K; i++){
      |                        [01;35m[K~~^~~~~~~~~~~~~~~~~~[m[K
[01m[K/home/peach/ros2_ws/src/orale_node/src/read_serial.cpp:120:21:[m[K [01;35m[Kwarning: [m[Kunused variable ‘[01m[Kbytes_read[m[K’ [[01;35m[K]8;;https://gcc.gnu.org/onlinedocs/gcc/Warning-Options.html#index-Wunused-variable-Wunused-variable]8;;[m[K]
  120 |             ssize_t [01;35m[Kbytes_read[m[K = read(serial_port_, read_buf.data(), read_buf.size());
      |                     [01;35m[K^~~~~~~~~~[m[K
[100%] [32m[1mLinking CXX executable read_serial[0m
[100%] Built target read_serial
-- Install configuration: ""
-- Installing: /home/peach/ros2_ws/src/orale_node/install/orale_node/lib/orale_node/read_serial
-- Set runtime path of "/home/peach/ros2_ws/src/orale_node/install/orale_node/lib/orale_node/read_serial" to ""
-- Installing: /home/peach/ros2_ws/src/orale_node/install/orale_node/share/ament_index/resource_index/package_run_dependencies/orale_node
-- Up-to-date: /home/peach/ros2_ws/src/orale_node/install/orale_node/share/ament_index/resource_index/parent_prefix_path/orale_node
-- Installing: /home/peach/ros2_ws/src/orale_node/install/orale_node/share/orale_node/environment/ament_prefix_path.sh
-- Installing: /home/peach/ros2_ws/src/orale_node/install/orale_node/share/orale_node/environment/ament_prefix_path.dsv
-- Installing: /home/peach/ros2_ws/src/orale_node/install/orale_node/share/orale_node/environment/path.sh
-- Installing: /home/peach/ros2_ws/src/orale_node/install/orale_node/share/orale_node/environment/path.dsv
-- Up-to-date: /home/peach/ros2_ws/src/orale_node/install/orale_node/share/orale_node/local_setup.bash
-- Up-to-date: /home/peach/ros2_ws/src/orale_node/install/orale_node/share/orale_node/local_setup.sh
-- Up-to-date: /home/peach/ros2_ws/src/orale_node/install/orale_node/share/orale_node/local_setup.zsh
-- Installing: /home/peach/ros2_ws/src/orale_node/install/orale_node/share/orale_node/local_setup.dsv
-- Installing: /home/peach/ros2_ws/src/orale_node/install/orale_node/share/orale_node/package.dsv
-- Up-to-date: /home/peach/ros2_ws/src/orale_node/install/orale_node/share/ament_index/resource_index/packages/orale_node
-- Installing: /home/peach/ros2_ws/src/orale_node/install/orale_node/share/orale_node/cmake/orale_nodeConfig.cmake
-- Installing: /home/peach/ros2_ws/src/orale_node/install/orale_node/share/orale_node/cmake/orale_nodeConfig-version.cmake
-- Installing: /home/peach/ros2_ws/src/orale_node/install/orale_node/share/orale_node/package.xml
