[0.035s] Invoking command in '/home/peach/ros2_ws/src/orale_node/build/orale_node': CMAKE_PREFIX_PATH=${CMAKE_PREFIX_PATH}:/home/peach/ros2_ws/install/urdf_tutorial_r2d2:/home/peach/ros2_ws/install/urdf_robot:/home/peach/ros2_ws/install/p9n_bringup:/home/peach/ros2_ws/install/rqt_controller_manager:/home/peach/ros2_ws/install/rosboard:/home/peach/ros2_ws/install/ros2controlcli:/home/peach/ros2_ws/install/ros2_workshop:/home/peach/ros2_ws/install/lucia_slam_navigation:/home/peach/ros2_ws/src/urdf_tutorial_r2d2/install/urdf_tutorial_r2d2:/home/peach/ros2_ws/src/install/urdf_tutorial_r2d2:/home/peach/ros2_ws/src/install/urdf_robot:/home/peach/ros2_ws/src/install/ros2_workshop:/home/peach/ros2_ws/src/install/raspimouse_cartographer:/opt/ros/humble /usr/bin/cmake --build /home/peach/ros2_ws/src/orale_node/build/orale_node -- -j8 -l8
[0.148s] [35m[1mConsolidate compiler generated dependencies of target read_serial[0m
[0.199s] [ 50%] [32mBuilding CXX object CMakeFiles/read_serial.dir/src/read_serial.cpp.o[0m
[3.270s] [01m[K/home/peach/ros2_ws/src/orale_node/src/read_serial.cpp:[m[K In member function ‘[01m[Kvoid SensorReader::timer_callback()[m[K’:
[3.270s] [01m[K/home/peach/ros2_ws/src/orale_node/src/read_serial.cpp:130:26:[m[K [01;35m[Kwarning: [m[Kcomparison of integer expressions of different signedness: ‘[01m[Kint[m[K’ and ‘[01m[Klong unsigned int[m[K’ [[01;35m[K]8;;https://gcc.gnu.org/onlinedocs/gcc/Warning-Options.html#index-Wsign-compare-Wsign-compare]8;;[m[K]
[3.270s]   130 |             for(i = 0; [01;35m[Ki < sizeof(read_buf)[m[K; i++){
[3.270s]       |                        [01;35m[K~~^~~~~~~~~~~~~~~~~~[m[K
[3.271s] [01m[K/home/peach/ros2_ws/src/orale_node/src/read_serial.cpp:120:21:[m[K [01;35m[Kwarning: [m[Kunused variable ‘[01m[Kbytes_read[m[K’ [[01;35m[K]8;;https://gcc.gnu.org/onlinedocs/gcc/Warning-Options.html#index-Wunused-variable-Wunused-variable]8;;[m[K]
[3.271s]   120 |             ssize_t [01;35m[Kbytes_read[m[K = read(serial_port_, read_buf.data(), read_buf.size());
[3.271s]       |                     [01;35m[K^~~~~~~~~~[m[K
[5.325s] [100%] [32m[1mLinking CXX executable read_serial[0m
[6.249s] [100%] Built target read_serial
[6.272s] Invoked command in '/home/peach/ros2_ws/src/orale_node/build/orale_node' returned '0': CMAKE_PREFIX_PATH=${CMAKE_PREFIX_PATH}:/home/peach/ros2_ws/install/urdf_tutorial_r2d2:/home/peach/ros2_ws/install/urdf_robot:/home/peach/ros2_ws/install/p9n_bringup:/home/peach/ros2_ws/install/rqt_controller_manager:/home/peach/ros2_ws/install/rosboard:/home/peach/ros2_ws/install/ros2controlcli:/home/peach/ros2_ws/install/ros2_workshop:/home/peach/ros2_ws/install/lucia_slam_navigation:/home/peach/ros2_ws/src/urdf_tutorial_r2d2/install/urdf_tutorial_r2d2:/home/peach/ros2_ws/src/install/urdf_tutorial_r2d2:/home/peach/ros2_ws/src/install/urdf_robot:/home/peach/ros2_ws/src/install/ros2_workshop:/home/peach/ros2_ws/src/install/raspimouse_cartographer:/opt/ros/humble /usr/bin/cmake --build /home/peach/ros2_ws/src/orale_node/build/orale_node -- -j8 -l8
[6.296s] Invoking command in '/home/peach/ros2_ws/src/orale_node/build/orale_node': CMAKE_PREFIX_PATH=${CMAKE_PREFIX_PATH}:/home/peach/ros2_ws/install/urdf_tutorial_r2d2:/home/peach/ros2_ws/install/urdf_robot:/home/peach/ros2_ws/install/p9n_bringup:/home/peach/ros2_ws/install/rqt_controller_manager:/home/peach/ros2_ws/install/rosboard:/home/peach/ros2_ws/install/ros2controlcli:/home/peach/ros2_ws/install/ros2_workshop:/home/peach/ros2_ws/install/lucia_slam_navigation:/home/peach/ros2_ws/src/urdf_tutorial_r2d2/install/urdf_tutorial_r2d2:/home/peach/ros2_ws/src/install/urdf_tutorial_r2d2:/home/peach/ros2_ws/src/install/urdf_robot:/home/peach/ros2_ws/src/install/ros2_workshop:/home/peach/ros2_ws/src/install/raspimouse_cartographer:/opt/ros/humble /usr/bin/cmake --install /home/peach/ros2_ws/src/orale_node/build/orale_node
[6.314s] -- Install configuration: ""
[6.314s] -- Installing: /home/peach/ros2_ws/src/orale_node/install/orale_node/lib/orale_node/read_serial
[6.318s] -- Set runtime path of "/home/peach/ros2_ws/src/orale_node/install/orale_node/lib/orale_node/read_serial" to ""
[6.318s] -- Installing: /home/peach/ros2_ws/src/orale_node/install/orale_node/share/ament_index/resource_index/package_run_dependencies/orale_node
[6.318s] -- Up-to-date: /home/peach/ros2_ws/src/orale_node/install/orale_node/share/ament_index/resource_index/parent_prefix_path/orale_node
[6.318s] -- Installing: /home/peach/ros2_ws/src/orale_node/install/orale_node/share/orale_node/environment/ament_prefix_path.sh
[6.318s] -- Installing: /home/peach/ros2_ws/src/orale_node/install/orale_node/share/orale_node/environment/ament_prefix_path.dsv
[6.318s] -- Installing: /home/peach/ros2_ws/src/orale_node/install/orale_node/share/orale_node/environment/path.sh
[6.319s] -- Installing: /home/peach/ros2_ws/src/orale_node/install/orale_node/share/orale_node/environment/path.dsv
[6.319s] -- Up-to-date: /home/peach/ros2_ws/src/orale_node/install/orale_node/share/orale_node/local_setup.bash
[6.321s] -- Up-to-date: /home/peach/ros2_ws/src/orale_node/install/orale_node/share/orale_node/local_setup.sh
[6.321s] -- Up-to-date: /home/peach/ros2_ws/src/orale_node/install/orale_node/share/orale_node/local_setup.zsh
[6.321s] -- Installing: /home/peach/ros2_ws/src/orale_node/install/orale_node/share/orale_node/local_setup.dsv
[6.321s] -- Installing: /home/peach/ros2_ws/src/orale_node/install/orale_node/share/orale_node/package.dsv
[6.321s] -- Up-to-date: /home/peach/ros2_ws/src/orale_node/install/orale_node/share/ament_index/resource_index/packages/orale_node
[6.321s] -- Installing: /home/peach/ros2_ws/src/orale_node/install/orale_node/share/orale_node/cmake/orale_nodeConfig.cmake
[6.321s] -- Installing: /home/peach/ros2_ws/src/orale_node/install/orale_node/share/orale_node/cmake/orale_nodeConfig-version.cmake
[6.322s] -- Installing: /home/peach/ros2_ws/src/orale_node/install/orale_node/share/orale_node/package.xml
[6.323s] Invoked command in '/home/peach/ros2_ws/src/orale_node/build/orale_node' returned '0': CMAKE_PREFIX_PATH=${CMAKE_PREFIX_PATH}:/home/peach/ros2_ws/install/urdf_tutorial_r2d2:/home/peach/ros2_ws/install/urdf_robot:/home/peach/ros2_ws/install/p9n_bringup:/home/peach/ros2_ws/install/rqt_controller_manager:/home/peach/ros2_ws/install/rosboard:/home/peach/ros2_ws/install/ros2controlcli:/home/peach/ros2_ws/install/ros2_workshop:/home/peach/ros2_ws/install/lucia_slam_navigation:/home/peach/ros2_ws/src/urdf_tutorial_r2d2/install/urdf_tutorial_r2d2:/home/peach/ros2_ws/src/install/urdf_tutorial_r2d2:/home/peach/ros2_ws/src/install/urdf_robot:/home/peach/ros2_ws/src/install/ros2_workshop:/home/peach/ros2_ws/src/install/raspimouse_cartographer:/opt/ros/humble /usr/bin/cmake --install /home/peach/ros2_ws/src/orale_node/build/orale_node
