[0.339s] DEBUG:colcon:Command line arguments: ['/usr/bin/colcon', 'build']
[0.339s] DEBUG:colcon:Parsed command line arguments: Namespace(log_base=None, log_level=None, verb_name='build', build_base='build', install_base='install', merge_install=False, symlink_install=False, test_result_base=None, continue_on_error=False, executor='parallel', parallel_workers=8, event_handlers=None, ignore_user_meta=False, metas=['./colcon.meta'], base_paths=['.'], packages_ignore=None, packages_ignore_regex=None, paths=None, packages_up_to=None, packages_up_to_regex=None, packages_above=None, packages_above_and_dependencies=None, packages_above_depth=None, packages_select_by_dep=None, packages_skip_by_dep=None, packages_skip_up_to=None, packages_select_build_failed=False, packages_skip_build_finished=False, packages_select_test_failures=False, packages_skip_test_passed=False, packages_select=None, packages_skip=None, packages_select_regex=None, packages_skip_regex=None, packages_start=None, packages_end=None, allow_overriding=[], cmake_args=None, cmake_target=None, cmake_target_skip_unavailable=False, cmake_clean_cache=False, cmake_clean_first=False, cmake_force_configure=False, ament_cmake_args=None, catkin_cmake_args=None, catkin_skip_building_tests=False, verb_parser=<colcon_defaults.argument_parser.defaults.DefaultArgumentsDecorator object at 0x793a56d4b3d0>, verb_extension=<colcon_core.verb.build.BuildVerb object at 0x793a56d4a7d0>, main=<bound method BuildVerb.main of <colcon_core.verb.build.BuildVerb object at 0x793a56d4a7d0>>)
[0.830s] Level 1:colcon.colcon_core.package_discovery:discover_packages(colcon_meta) check parameters
[0.830s] Level 1:colcon.colcon_core.package_discovery:discover_packages(recursive) check parameters
[0.830s] Level 1:colcon.colcon_core.package_discovery:discover_packages(ignore) check parameters
[0.830s] Level 1:colcon.colcon_core.package_discovery:discover_packages(path) check parameters
[0.830s] Level 1:colcon.colcon_core.package_discovery:discover_packages(colcon_meta) discover
[0.831s] Level 1:colcon.colcon_core.package_discovery:discover_packages(recursive) discover
[0.831s] INFO:colcon.colcon_core.package_discovery:Crawling recursively for packages in '/home/peach/ros2_ws/src/orale_node'
[0.831s] Level 1:colcon.colcon_core.package_identification:_identify(.) by extensions ['ignore', 'ignore_ament_install']
[0.831s] Level 1:colcon.colcon_core.package_identification:_identify(.) by extension 'ignore'
[0.831s] Level 1:colcon.colcon_core.package_identification:_identify(.) by extension 'ignore_ament_install'
[0.831s] Level 1:colcon.colcon_core.package_identification:_identify(.) by extensions ['colcon_pkg']
[0.831s] Level 1:colcon.colcon_core.package_identification:_identify(.) by extension 'colcon_pkg'
[0.832s] Level 1:colcon.colcon_core.package_identification:_identify(.) by extensions ['colcon_meta']
[0.832s] Level 1:colcon.colcon_core.package_identification:_identify(.) by extension 'colcon_meta'
[0.832s] Level 1:colcon.colcon_core.package_identification:_identify(.) by extensions ['ros']
[0.832s] Level 1:colcon.colcon_core.package_identification:_identify(.) by extension 'ros'
[0.871s] DEBUG:colcon.colcon_core.package_identification:Package '.' with type 'ros.ament_cmake' and name 'orale_node'
[0.872s] Level 1:colcon.colcon_core.package_discovery:discover_packages(recursive) using defaults
[0.872s] Level 1:colcon.colcon_core.package_discovery:discover_packages(ignore) discover
[0.872s] Level 1:colcon.colcon_core.package_discovery:discover_packages(ignore) using defaults
[0.872s] Level 1:colcon.colcon_core.package_discovery:discover_packages(path) discover
[0.872s] Level 1:colcon.colcon_core.package_discovery:discover_packages(path) using defaults
[0.925s] Level 1:colcon.colcon_core.package_discovery:discover_packages(prefix_path) check parameters
[0.925s] Level 1:colcon.colcon_core.package_discovery:discover_packages(prefix_path) discover
[0.953s] DEBUG:colcon.colcon_installed_package_information.package_discovery:Found 55 installed packages in /home/peach/ros2_ws/install
[0.956s] DEBUG:colcon.colcon_installed_package_information.package_discovery:Found 7 installed packages in /home/peach/install
[0.958s] DEBUG:colcon.colcon_installed_package_information.package_discovery:Found 1 installed packages in /home/peach/ros2_ws/src/urdf_tutorial_r2d2/install
[0.961s] DEBUG:colcon.colcon_installed_package_information.package_discovery:Found 19 installed packages in /home/peach/ros2_ws/src/install
[0.966s] DEBUG:colcon.colcon_installed_package_information.package_discovery:Found 1 installed packages in /home/peach/ros2_ws/src/lucia_controller/install
[0.974s] DEBUG:colcon.colcon_installed_package_information.package_discovery:Found 463 installed packages in /opt/ros/humble
[0.982s] Level 1:colcon.colcon_core.package_discovery:discover_packages(prefix_path) using defaults
[1.136s] Level 5:colcon.colcon_core.verb:set package 'orale_node' build argument 'cmake_args' from command line to 'None'
[1.136s] Level 5:colcon.colcon_core.verb:set package 'orale_node' build argument 'cmake_target' from command line to 'None'
[1.136s] Level 5:colcon.colcon_core.verb:set package 'orale_node' build argument 'cmake_target_skip_unavailable' from command line to 'False'
[1.137s] Level 5:colcon.colcon_core.verb:set package 'orale_node' build argument 'cmake_clean_cache' from command line to 'False'
[1.137s] Level 5:colcon.colcon_core.verb:set package 'orale_node' build argument 'cmake_clean_first' from command line to 'False'
[1.137s] Level 5:colcon.colcon_core.verb:set package 'orale_node' build argument 'cmake_force_configure' from command line to 'False'
[1.137s] Level 5:colcon.colcon_core.verb:set package 'orale_node' build argument 'ament_cmake_args' from command line to 'None'
[1.137s] Level 5:colcon.colcon_core.verb:set package 'orale_node' build argument 'catkin_cmake_args' from command line to 'None'
[1.137s] Level 5:colcon.colcon_core.verb:set package 'orale_node' build argument 'catkin_skip_building_tests' from command line to 'False'
[1.137s] DEBUG:colcon.colcon_core.verb:Building package 'orale_node' with the following arguments: {'ament_cmake_args': None, 'build_base': '/home/peach/ros2_ws/src/orale_node/build/orale_node', 'catkin_cmake_args': None, 'catkin_skip_building_tests': False, 'cmake_args': None, 'cmake_clean_cache': False, 'cmake_clean_first': False, 'cmake_force_configure': False, 'cmake_target': None, 'cmake_target_skip_unavailable': False, 'install_base': '/home/peach/ros2_ws/src/orale_node/install/orale_node', 'merge_install': False, 'path': '/home/peach/ros2_ws/src/orale_node', 'symlink_install': False, 'test_result_base': None}
[1.137s] INFO:colcon.colcon_core.executor:Executing jobs using 'parallel' executor
[1.140s] DEBUG:colcon.colcon_parallel_executor.executor.parallel:run_until_complete
[1.140s] INFO:colcon.colcon_ros.task.ament_cmake.build:Building ROS package in '/home/peach/ros2_ws/src/orale_node' with build type 'ament_cmake'
[1.141s] INFO:colcon.colcon_cmake.task.cmake.build:Building CMake package in '/home/peach/ros2_ws/src/orale_node'
[1.150s] INFO:colcon.colcon_core.plugin_system:Skipping extension 'colcon_core.shell.bat': Not used on non-Windows systems
[1.151s] INFO:colcon.colcon_core.shell:Skip shell extension 'powershell' for command environment: Not usable outside of PowerShell
[1.151s] DEBUG:colcon.colcon_core.shell:Skip shell extension 'dsv' for command environment
[1.231s] DEBUG:colcon.colcon_core.event_handler.log_command:Invoking command in '/home/peach/ros2_ws/src/orale_node/build/orale_node': CMAKE_PREFIX_PATH=${CMAKE_PREFIX_PATH}:/home/peach/ros2_ws/install/urdf_tutorial_r2d2:/home/peach/ros2_ws/install/urdf_robot:/home/peach/ros2_ws/install/p9n_bringup:/home/peach/ros2_ws/install/rqt_controller_manager:/home/peach/ros2_ws/install/rosboard:/home/peach/ros2_ws/install/ros2controlcli:/home/peach/ros2_ws/install/ros2_workshop:/home/peach/ros2_ws/install/lucia_slam_navigation:/home/peach/ros2_ws/src/urdf_tutorial_r2d2/install/urdf_tutorial_r2d2:/home/peach/ros2_ws/src/install/urdf_tutorial_r2d2:/home/peach/ros2_ws/src/install/urdf_robot:/home/peach/ros2_ws/src/install/ros2_workshop:/home/peach/ros2_ws/src/install/raspimouse_cartographer:/opt/ros/humble /usr/bin/cmake --build /home/peach/ros2_ws/src/orale_node/build/orale_node -- -j8 -l8
[3.144s] DEBUG:colcon.colcon_core.event_handler.log_command:Invoked command in '/home/peach/ros2_ws/src/orale_node/build/orale_node' returned '2': CMAKE_PREFIX_PATH=${CMAKE_PREFIX_PATH}:/home/peach/ros2_ws/install/urdf_tutorial_r2d2:/home/peach/ros2_ws/install/urdf_robot:/home/peach/ros2_ws/install/p9n_bringup:/home/peach/ros2_ws/install/rqt_controller_manager:/home/peach/ros2_ws/install/rosboard:/home/peach/ros2_ws/install/ros2controlcli:/home/peach/ros2_ws/install/ros2_workshop:/home/peach/ros2_ws/install/lucia_slam_navigation:/home/peach/ros2_ws/src/urdf_tutorial_r2d2/install/urdf_tutorial_r2d2:/home/peach/ros2_ws/src/install/urdf_tutorial_r2d2:/home/peach/ros2_ws/src/install/urdf_robot:/home/peach/ros2_ws/src/install/ros2_workshop:/home/peach/ros2_ws/src/install/raspimouse_cartographer:/opt/ros/humble /usr/bin/cmake --build /home/peach/ros2_ws/src/orale_node/build/orale_node -- -j8 -l8
[3.145s] Level 1:colcon.colcon_core.environment:create_environment_scripts_only(orale_node)
[3.152s] Level 1:colcon.colcon_core.environment:checking '/home/peach/ros2_ws/src/orale_node/install/orale_node' for CMake module files
[3.153s] Level 1:colcon.colcon_core.environment:checking '/home/peach/ros2_ws/src/orale_node/install/orale_node' for CMake config files
[3.154s] Level 1:colcon.colcon_core.shell:create_environment_hook('orale_node', 'cmake_prefix_path')
[3.154s] INFO:colcon.colcon_core.shell:Creating environment hook '/home/peach/ros2_ws/src/orale_node/install/orale_node/share/orale_node/hook/cmake_prefix_path.ps1'
[3.156s] INFO:colcon.colcon_core.shell:Creating environment descriptor '/home/peach/ros2_ws/src/orale_node/install/orale_node/share/orale_node/hook/cmake_prefix_path.dsv'
[3.157s] INFO:colcon.colcon_core.shell:Creating environment hook '/home/peach/ros2_ws/src/orale_node/install/orale_node/share/orale_node/hook/cmake_prefix_path.sh'
[3.159s] Level 1:colcon.colcon_core.environment:checking '/home/peach/ros2_ws/src/orale_node/install/orale_node/bin'
[3.159s] Level 1:colcon.colcon_core.shell:create_environment_hook('orale_node', 'path')
[3.159s] INFO:colcon.colcon_core.shell:Creating environment hook '/home/peach/ros2_ws/src/orale_node/install/orale_node/share/orale_node/hook/path.ps1'
[3.160s] INFO:colcon.colcon_core.shell:Creating environment descriptor '/home/peach/ros2_ws/src/orale_node/install/orale_node/share/orale_node/hook/path.dsv'
[3.161s] INFO:colcon.colcon_core.shell:Creating environment hook '/home/peach/ros2_ws/src/orale_node/install/orale_node/share/orale_node/hook/path.sh'
[3.162s] Level 1:colcon.colcon_core.environment:checking '/home/peach/ros2_ws/src/orale_node/install/orale_node/lib/pkgconfig/orale_node.pc'
[3.163s] Level 1:colcon.colcon_core.environment:checking '/home/peach/ros2_ws/src/orale_node/install/orale_node/lib/python3.10/site-packages'
[3.164s] Level 1:colcon.colcon_core.environment:checking '/home/peach/ros2_ws/src/orale_node/install/orale_node/bin'
[3.165s] Level 1:colcon.colcon_core.shell:create_environment_hook('orale_node', 'pythonscriptspath')
[3.165s] INFO:colcon.colcon_core.shell:Creating environment hook '/home/peach/ros2_ws/src/orale_node/install/orale_node/share/orale_node/hook/pythonscriptspath.ps1'
[3.166s] INFO:colcon.colcon_core.shell:Creating environment descriptor '/home/peach/ros2_ws/src/orale_node/install/orale_node/share/orale_node/hook/pythonscriptspath.dsv'
[3.167s] INFO:colcon.colcon_core.shell:Creating environment hook '/home/peach/ros2_ws/src/orale_node/install/orale_node/share/orale_node/hook/pythonscriptspath.sh'
[3.169s] INFO:colcon.colcon_core.shell:Creating package script '/home/peach/ros2_ws/src/orale_node/install/orale_node/share/orale_node/package.ps1'
[3.170s] INFO:colcon.colcon_core.shell:Creating package descriptor '/home/peach/ros2_ws/src/orale_node/install/orale_node/share/orale_node/package.dsv'
[3.172s] INFO:colcon.colcon_core.shell:Creating package script '/home/peach/ros2_ws/src/orale_node/install/orale_node/share/orale_node/package.sh'
[3.173s] INFO:colcon.colcon_core.shell:Creating package script '/home/peach/ros2_ws/src/orale_node/install/orale_node/share/orale_node/package.bash'
[3.174s] INFO:colcon.colcon_core.shell:Creating package script '/home/peach/ros2_ws/src/orale_node/install/orale_node/share/orale_node/package.zsh'
[3.176s] Level 1:colcon.colcon_core.environment:create_file_with_runtime_dependencies(/home/peach/ros2_ws/src/orale_node/install/orale_node/share/colcon-core/packages/orale_node)
[3.177s] DEBUG:colcon.colcon_parallel_executor.executor.parallel:closing loop
[3.178s] DEBUG:colcon.colcon_parallel_executor.executor.parallel:loop closed
[3.178s] DEBUG:colcon.colcon_parallel_executor.executor.parallel:run_until_complete finished with '2'
[3.178s] DEBUG:colcon.colcon_core.event_reactor:joining thread
[3.197s] INFO:colcon.colcon_core.plugin_system:Skipping extension 'colcon_notification.desktop_notification.terminal_notifier': Not used on non-Darwin systems
[3.197s] INFO:colcon.colcon_core.plugin_system:Skipping extension 'colcon_notification.desktop_notification.win32': Not used on non-Windows systems
[3.197s] INFO:colcon.colcon_notification.desktop_notification:Sending desktop notification using 'notify2'
[3.229s] DEBUG:colcon.colcon_core.event_reactor:joined thread
[3.230s] INFO:colcon.colcon_core.shell:Creating prefix script '/home/peach/ros2_ws/src/orale_node/install/local_setup.ps1'
[3.232s] INFO:colcon.colcon_core.shell:Creating prefix util module '/home/peach/ros2_ws/src/orale_node/install/_local_setup_util_ps1.py'
[3.235s] INFO:colcon.colcon_core.shell:Creating prefix chain script '/home/peach/ros2_ws/src/orale_node/install/setup.ps1'
[3.264s] INFO:colcon.colcon_core.shell:Creating prefix script '/home/peach/ros2_ws/src/orale_node/install/local_setup.sh'
[3.267s] INFO:colcon.colcon_core.shell:Creating prefix util module '/home/peach/ros2_ws/src/orale_node/install/_local_setup_util_sh.py'
[3.270s] INFO:colcon.colcon_core.shell:Creating prefix chain script '/home/peach/ros2_ws/src/orale_node/install/setup.sh'
[3.304s] INFO:colcon.colcon_core.shell:Creating prefix script '/home/peach/ros2_ws/src/orale_node/install/local_setup.bash'
[3.305s] INFO:colcon.colcon_core.shell:Creating prefix chain script '/home/peach/ros2_ws/src/orale_node/install/setup.bash'
[3.327s] INFO:colcon.colcon_core.shell:Creating prefix script '/home/peach/ros2_ws/src/orale_node/install/local_setup.zsh'
[3.329s] INFO:colcon.colcon_core.shell:Creating prefix chain script '/home/peach/ros2_ws/src/orale_node/install/setup.zsh'
