[0.035s] Invoking command in '/home/peach/ros2_ws/src/orale_node/build/orale_node': CMAKE_PREFIX_PATH=${CMAKE_PREFIX_PATH}:/home/peach/ros2_ws/install/urdf_tutorial_r2d2:/home/peach/ros2_ws/install/urdf_robot:/home/peach/ros2_ws/install/p9n_bringup:/home/peach/ros2_ws/install/rqt_controller_manager:/home/peach/ros2_ws/install/rosboard:/home/peach/ros2_ws/install/ros2controlcli:/home/peach/ros2_ws/install/ros2_workshop:/home/peach/ros2_ws/install/lucia_slam_navigation:/home/peach/ros2_ws/src/urdf_tutorial_r2d2/install/urdf_tutorial_r2d2:/home/peach/ros2_ws/src/install/urdf_tutorial_r2d2:/home/peach/ros2_ws/src/install/urdf_robot:/home/peach/ros2_ws/src/install/ros2_workshop:/home/peach/ros2_ws/src/install/raspimouse_cartographer:/opt/ros/humble /usr/bin/cmake --build /home/peach/ros2_ws/src/orale_node/build/orale_node -- -j8 -l8
[0.146s] [35m[1mConsolidate compiler generated dependencies of target read_serial[0m
[0.202s] [ 50%] [32mBuilding CXX object CMakeFiles/read_serial.dir/src/read_serial.cpp.o[0m
[3.298s] [01m[K/home/peach/ros2_ws/src/orale_node/src/read_serial.cpp:[m[K In constructor ‘[01m[KSensorReader::SensorReader()[m[K’:
[3.300s] [01m[K/home/peach/ros2_ws/src/orale_node/src/read_serial.cpp:31:5:[m[K [01;31m[Kerror: [m[Kexpected identifier before ‘[01m[K{[m[K’ token
[3.300s]    31 |     [01;31m[K{[m[K
[3.300s]       |     [01;31m[K^[m[K
[3.310s] [01m[K/home/peach/ros2_ws/src/orale_node/src/read_serial.cpp:[m[K In member function ‘[01m[Kvoid SensorReader::init_serial()[m[K’:
[3.310s] [01m[K/home/peach/ros2_ws/src/orale_node/src/read_serial.cpp:69:41:[m[K [01;31m[Kerror: [m[Kexpected primary-expression before ‘[01m[K)[m[K’ token
[3.310s]    69 |         if (tcgetattr(serial_port_, &tty[01;31m[K)[m[K != 0) {
[3.310s]       |                                         [01;31m[K^[m[K
[3.310s] [01m[K/home/peach/ros2_ws/src/orale_node/src/read_serial.cpp:75:25:[m[K [01;31m[Kerror: [m[Kexpected primary-expression before ‘[01m[K,[m[K’ token
[3.310s]    75 |         cfsetospeed(&tty[01;31m[K,[m[K B9600);
[3.310s]       |                         [01;31m[K^[m[K
[3.310s] [01m[K/home/peach/ros2_ws/src/orale_node/src/read_serial.cpp:76:25:[m[K [01;31m[Kerror: [m[Kexpected primary-expression before ‘[01m[K,[m[K’ token
[3.310s]    76 |         cfsetispeed(&tty[01;31m[K,[m[K B9600);
[3.310s]       |                         [01;31m[K^[m[K
[3.311s] [01m[K/home/peach/ros2_ws/src/orale_node/src/read_serial.cpp:78:12:[m[K [01;31m[Kerror: [m[Kexpected unqualified-id before ‘[01m[K.[m[K’ token
[3.311s]    78 |         tty[01;31m[K.[m[Kc_cflag &= ~PARENB; // Clear parity bit, disabling parity (most common)
[3.311s]       |            [01;31m[K^[m[K
[3.311s] [01m[K/home/peach/ros2_ws/src/orale_node/src/read_serial.cpp:79:12:[m[K [01;31m[Kerror: [m[Kexpected unqualified-id before ‘[01m[K.[m[K’ token
[3.311s]    79 |         tty[01;31m[K.[m[Kc_cflag &= ~CSTOPB; // Clear stop field, only one stop bit used in communication (most common)
[3.311s]       |            [01;31m[K^[m[K
[3.311s] [01m[K/home/peach/ros2_ws/src/orale_node/src/read_serial.cpp:80:12:[m[K [01;31m[Kerror: [m[Kexpected unqualified-id before ‘[01m[K.[m[K’ token
[3.311s]    80 |         tty[01;31m[K.[m[Kc_cflag |= CS8; // 8 bits per byte (most common)
[3.311s]       |            [01;31m[K^[m[K
[3.311s] [01m[K/home/peach/ros2_ws/src/orale_node/src/read_serial.cpp:81:12:[m[K [01;31m[Kerror: [m[Kexpected unqualified-id before ‘[01m[K.[m[K’ token
[3.311s]    81 |         tty[01;31m[K.[m[Kc_cflag &= ~CRTSCTS; // Disable RTS/CTS hardware flow control (most common)
[3.311s]       |            [01;31m[K^[m[K
[3.312s] [01m[K/home/peach/ros2_ws/src/orale_node/src/read_serial.cpp:82:12:[m[K [01;31m[Kerror: [m[Kexpected unqualified-id before ‘[01m[K.[m[K’ token
[3.312s]    82 |         tty[01;31m[K.[m[Kc_cflag |= CREAD | CLOCAL; // Turn on READ & ignore ctrl lines (CLOCAL = 1)
[3.312s]       |            [01;31m[K^[m[K
[3.312s] [01m[K/home/peach/ros2_ws/src/orale_node/src/read_serial.cpp:83:12:[m[K [01;31m[Kerror: [m[Kexpected unqualified-id before ‘[01m[K.[m[K’ token
[3.312s]    83 |         tty[01;31m[K.[m[Kc_lflag &= ~ICANON;
[3.312s]       |            [01;31m[K^[m[K
[3.312s] [01m[K/home/peach/ros2_ws/src/orale_node/src/read_serial.cpp:84:12:[m[K [01;31m[Kerror: [m[Kexpected unqualified-id before ‘[01m[K.[m[K’ token
[3.312s]    84 |         tty[01;31m[K.[m[Kc_lflag &= ~ECHO; // Disable echo
[3.312s]       |            [01;31m[K^[m[K
[3.312s] [01m[K/home/peach/ros2_ws/src/orale_node/src/read_serial.cpp:85:12:[m[K [01;31m[Kerror: [m[Kexpected unqualified-id before ‘[01m[K.[m[K’ token
[3.312s]    85 |         tty[01;31m[K.[m[Kc_lflag &= ~ECHOE; // Disable erasure
[3.312s]       |            [01;31m[K^[m[K
[3.312s] [01m[K/home/peach/ros2_ws/src/orale_node/src/read_serial.cpp:86:12:[m[K [01;31m[Kerror: [m[Kexpected unqualified-id before ‘[01m[K.[m[K’ token
[3.313s]    86 |         tty[01;31m[K.[m[Kc_lflag &= ~ECHONL; // Disable new-line echo
[3.313s]       |            [01;31m[K^[m[K
[3.319s] [01m[K/home/peach/ros2_ws/src/orale_node/src/read_serial.cpp:87:12:[m[K [01;31m[Kerror: [m[Kexpected unqualified-id before ‘[01m[K.[m[K’ token
[3.319s]    87 |         tty[01;31m[K.[m[Kc_lflag &= ~ISIG; // Disable interpretation of INTR, QUIT and SUSP
[3.319s]       |            [01;31m[K^[m[K
[3.319s] [01m[K/home/peach/ros2_ws/src/orale_node/src/read_serial.cpp:88:12:[m[K [01;31m[Kerror: [m[Kexpected unqualified-id before ‘[01m[K.[m[K’ token
[3.319s]    88 |         tty[01;31m[K.[m[Kc_iflag &= ~(IGNBRK|BRKINT|PARMRK|ISTRIP|INLCR|IGNCR|ICRNL); // Disable any special handling of received bytes
[3.319s]       |            [01;31m[K^[m[K
[3.319s] [01m[K/home/peach/ros2_ws/src/orale_node/src/read_serial.cpp:89:12:[m[K [01;31m[Kerror: [m[Kexpected unqualified-id before ‘[01m[K.[m[K’ token
[3.319s]    89 |         tty[01;31m[K.[m[Kc_oflag &= ~OPOST; // Prevent special interpretation of output bytes (e.g. newline chars)
[3.319s]       |            [01;31m[K^[m[K
[3.319s] [01m[K/home/peach/ros2_ws/src/orale_node/src/read_serial.cpp:90:12:[m[K [01;31m[Kerror: [m[Kexpected unqualified-id before ‘[01m[K.[m[K’ token
[3.320s]    90 |         tty[01;31m[K.[m[Kc_oflag &= ~ONLCR; // Prevent conversion of newline to carriage return/line feed
[3.320s]       |            [01;31m[K^[m[K
[3.320s] [01m[K/home/peach/ros2_ws/src/orale_node/src/read_serial.cpp:91:12:[m[K [01;31m[Kerror: [m[Kexpected unqualified-id before ‘[01m[K.[m[K’ token
[3.320s]    91 |         tty[01;31m[K.[m[Kc_cc[VTIME] = 10;
[3.320s]       |            [01;31m[K^[m[K
[3.320s] [01m[K/home/peach/ros2_ws/src/orale_node/src/read_serial.cpp:92:12:[m[K [01;31m[Kerror: [m[Kexpected unqualified-id before ‘[01m[K.[m[K’ token
[3.320s]    92 |         tty[01;31m[K.[m[Kc_cc[VMIN] = 0; // 0 means read doesn't block
[3.320s]       |            [01;31m[K^[m[K
[3.320s] [01m[K/home/peach/ros2_ws/src/orale_node/src/read_serial.cpp:94:50:[m[K [01;31m[Kerror: [m[Kexpected primary-expression before ‘[01m[K)[m[K’ token
[3.320s]    94 |         if (tcsetattr(serial_port_, TCSANOW, &tty[01;31m[K)[m[K != 0) {
[3.321s]       |                                                  [01;31m[K^[m[K
[3.321s] [01m[K/home/peach/ros2_ws/src/orale_node/src/read_serial.cpp:[m[K In member function ‘[01m[Kvoid SensorReader::timer_callback()[m[K’:
[3.321s] [01m[K/home/peach/ros2_ws/src/orale_node/src/read_serial.cpp:118:20:[m[K [01;31m[Kerror: [m[Kcannot convert ‘[01m[Kstd::vector<unsigned char, std::allocator<unsigned char> >[m[K’ to ‘[01m[Kvoid*[m[K’
[3.321s]   118 |             memset([01;31m[Kread_buf[m[K, '\0', sizeof(read_buf));
[3.321s]       |                    [01;31m[K^~~~~~~~[m[K
[3.321s]       |                    [01;31m[K|[m[K
[3.321s]       |                    [01;31m[Kstd::vector<unsigned char, std::allocator<unsigned char> >[m[K
[3.321s] In file included from [01m[K/opt/ros/humble/include/rcutils/rcutils/error_handling.h:34[m[K,
[3.321s]                  from [01m[K/opt/ros/humble/include/rcutils/rcutils/logging.h:25[m[K,
[3.321s]                  from [01m[K/opt/ros/humble/include/rmw/rmw/types.h:28[m[K,
[3.321s]                  from [01m[K/opt/ros/humble/include/rcl/rcl/types.h:20[m[K,
[3.322s]                  from [01m[K/opt/ros/humble/include/rcl/rcl/log_level.h:22[m[K,
[3.322s]                  from [01m[K/opt/ros/humble/include/rcl/rcl/arguments.h:21[m[K,
[3.322s]                  from [01m[K/opt/ros/humble/include/rcl/rcl/context.h:28[m[K,
[3.322s]                  from [01m[K/opt/ros/humble/include/rcl/rcl/guard_condition.h:26[m[K,
[3.328s]                  from [01m[K/opt/ros/humble/include/rclcpp/rclcpp/executor.hpp:30[m[K,
[3.328s]                  from [01m[K/opt/ros/humble/include/rclcpp/rclcpp/executors/multi_threaded_executor.hpp:25[m[K,
[3.328s]                  from [01m[K/opt/ros/humble/include/rclcpp/rclcpp/executors.hpp:21[m[K,
[3.328s]                  from [01m[K/opt/ros/humble/include/rclcpp/rclcpp/rclcpp.hpp:155[m[K,
[3.328s]                  from [01m[K/home/peach/ros2_ws/src/orale_node/src/read_serial.cpp:1[m[K:
[3.328s] [01m[K/usr/include/string.h:61:28:[m[K [01;36m[Knote: [m[K  initializing argument 1 of ‘[01m[Kvoid* memset(void*, int, size_t)[m[K’
[3.328s]    61 | extern void *memset ([01;36m[Kvoid *__s[m[K, int __c, size_t __n) __THROW __nonnull ((1));
[3.328s]       |                      [01;36m[K~~~~~~^~~[m[K
[3.328s] In file included from [01m[K/opt/ros/humble/include/rclcpp/rclcpp/logging.hpp:24[m[K,
[3.329s]                  from [01m[K/opt/ros/humble/include/rclcpp/rclcpp/client.hpp:40[m[K,
[3.329s]                  from [01m[K/opt/ros/humble/include/rclcpp/rclcpp/callback_group.hpp:24[m[K,
[3.329s]                  from [01m[K/opt/ros/humble/include/rclcpp/rclcpp/any_executable.hpp:20[m[K,
[3.329s]                  from [01m[K/opt/ros/humble/include/rclcpp/rclcpp/memory_strategy.hpp:25[m[K,
[3.329s]                  from [01m[K/opt/ros/humble/include/rclcpp/rclcpp/memory_strategies.hpp:18[m[K,
[3.329s]                  from [01m[K/opt/ros/humble/include/rclcpp/rclcpp/executor_options.hpp:20[m[K,
[3.329s]                  from [01m[K/opt/ros/humble/include/rclcpp/rclcpp/executor.hpp:37[m[K,
[3.329s]                  from [01m[K/opt/ros/humble/include/rclcpp/rclcpp/executors/multi_threaded_executor.hpp:25[m[K,
[3.329s]                  from [01m[K/opt/ros/humble/include/rclcpp/rclcpp/executors.hpp:21[m[K,
[3.329s]                  from [01m[K/opt/ros/humble/include/rclcpp/rclcpp/rclcpp.hpp:155[m[K,
[3.329s]                  from [01m[K/home/peach/ros2_ws/src/orale_node/src/read_serial.cpp:1[m[K:
[3.330s] [01m[K/home/peach/ros2_ws/src/orale_node/src/read_serial.cpp:124:45:[m[K [01;35m[Kwarning: [m[Ktoo many arguments for format [[01;35m[K]8;;https://gcc.gnu.org/onlinedocs/gcc/Warning-Options.html#index-Wformat-extra-args-Wformat-extra-args]8;;[m[K]
[3.330s]   124 |             RCLCPP_INFO(this->get_logger(), [01;35m[K"6r_bBy:"[m[K, std::bitset<16>{read_buf[0]}.to_string());
[3.330s]       |                                             [01;35m[K^~~~~~~~~[m[K
[3.330s] [01m[K/home/peach/ros2_ws/src/orale_node/src/read_serial.cpp:127:26:[m[K [01;35m[Kwarning: [m[Kcomparison of integer expressions of different signedness: ‘[01m[Kint[m[K’ and ‘[01m[Klong unsigned int[m[K’ [[01;35m[K]8;;https://gcc.gnu.org/onlinedocs/gcc/Warning-Options.html#index-Wsign-compare-Wsign-compare]8;;[m[K]
[3.330s]   127 |             for(i = 0; [01;35m[Ki < sizeof(read_buf)[m[K; i++){
[3.330s]       |                        [01;35m[K~~^~~~~~~~~~~~~~~~~~[m[K
[4.726s] gmake[2]: *** [CMakeFiles/read_serial.dir/build.make:76: CMakeFiles/read_serial.dir/src/read_serial.cpp.o] Error 1
[4.726s] gmake[1]: *** [CMakeFiles/Makefile2:137: CMakeFiles/read_serial.dir/all] Error 2
[4.727s] gmake: *** [Makefile:146: all] Error 2
[4.730s] Invoked command in '/home/peach/ros2_ws/src/orale_node/build/orale_node' returned '2': CMAKE_PREFIX_PATH=${CMAKE_PREFIX_PATH}:/home/peach/ros2_ws/install/urdf_tutorial_r2d2:/home/peach/ros2_ws/install/urdf_robot:/home/peach/ros2_ws/install/p9n_bringup:/home/peach/ros2_ws/install/rqt_controller_manager:/home/peach/ros2_ws/install/rosboard:/home/peach/ros2_ws/install/ros2controlcli:/home/peach/ros2_ws/install/ros2_workshop:/home/peach/ros2_ws/install/lucia_slam_navigation:/home/peach/ros2_ws/src/urdf_tutorial_r2d2/install/urdf_tutorial_r2d2:/home/peach/ros2_ws/src/install/urdf_tutorial_r2d2:/home/peach/ros2_ws/src/install/urdf_robot:/home/peach/ros2_ws/src/install/ros2_workshop:/home/peach/ros2_ws/src/install/raspimouse_cartographer:/opt/ros/humble /usr/bin/cmake --build /home/peach/ros2_ws/src/orale_node/build/orale_node -- -j8 -l8
