[0.038s] Invoking command in '/home/peach/ros2_ws/src/orale_node/build/orale_node': CMAKE_PREFIX_PATH=${CMAKE_PREFIX_PATH}:/home/peach/ros2_ws/install/urdf_tutorial_r2d2:/home/peach/ros2_ws/install/urdf_robot:/home/peach/ros2_ws/install/p9n_bringup:/home/peach/ros2_ws/install/rqt_controller_manager:/home/peach/ros2_ws/install/rosboard:/home/peach/ros2_ws/install/ros2controlcli:/home/peach/ros2_ws/install/ros2_workshop:/home/peach/ros2_ws/install/lucia_slam_navigation:/home/peach/ros2_ws/src/urdf_tutorial_r2d2/install/urdf_tutorial_r2d2:/home/peach/ros2_ws/src/install/urdf_tutorial_r2d2:/home/peach/ros2_ws/src/install/urdf_robot:/home/peach/ros2_ws/src/install/ros2_workshop:/home/peach/ros2_ws/src/install/raspimouse_cartographer:/opt/ros/humble /usr/bin/cmake /home/peach/ros2_ws/src/orale_node -DCMAKE_INSTALL_PREFIX=/home/peach/ros2_ws/src/orale_node/install/orale_node
[0.066s] -- Found ament_cmake: 1.3.10 (/opt/ros/humble/share/ament_cmake/cmake)
[0.259s] -- Found rclcpp: 16.0.10 (/opt/ros/humble/share/rclcpp/cmake)
[0.584s] -- Found rosidl_generator_c: 3.1.5 (/opt/ros/humble/share/rosidl_generator_c/cmake)
[0.642s] -- Found rosidl_adapter: 3.1.5 (/opt/ros/humble/share/rosidl_adapter/cmake)
[0.705s] -- Found rosidl_generator_cpp: 3.1.5 (/opt/ros/humble/share/rosidl_generator_cpp/cmake)
[0.779s] -- Using all available rosidl_typesupport_c: rosidl_typesupport_fastrtps_c;rosidl_typesupport_introspection_c
[0.882s] -- Using all available rosidl_typesupport_cpp: rosidl_typesupport_fastrtps_cpp;rosidl_typesupport_introspection_cpp
[1.220s] -- Found rmw_implementation_cmake: 6.1.2 (/opt/ros/humble/share/rmw_implementation_cmake/cmake)
[1.253s] -- Found rmw_fastrtps_cpp: 6.2.7 (/opt/ros/humble/share/rmw_fastrtps_cpp/cmake)
[1.611s] -- Found OpenSSL: /usr/lib/x86_64-linux-gnu/libcrypto.so (found version "3.0.2")  
[1.684s] -- Found FastRTPS: /opt/ros/humble/include  
[1.796s] -- Using RMW implementation 'rmw_fastrtps_cpp' as default
[1.886s] -- Looking for pthread.h
[2.064s] -- Looking for pthread.h - found
[2.065s] -- Performing Test CMAKE_HAVE_LIBC_PTHREAD
[2.240s] -- Performing Test CMAKE_HAVE_LIBC_PTHREAD - Success
[2.242s] -- Found Threads: TRUE  
[2.449s] -- Found OpenCV: /usr (found version "4.5.4") 
[2.476s] -- Found ament_lint_auto: 0.12.11 (/opt/ros/humble/share/ament_lint_auto/cmake)
[2.848s] -- Added test 'cppcheck' to perform static code analysis on C / C++ code
[2.848s] -- Configured cppcheck include dirs: 
[2.851s] -- Configured cppcheck exclude dirs and/or files: 
[2.865s] -- Added test 'flake8' to check Python code syntax and style conventions
[2.888s] -- Added test 'lint_cmake' to check CMake code style
[2.901s] -- Added test 'pep257' to check Python code against some of the docstring style conventions in PEP 257
[2.979s] -- Added test 'uncrustify' to check C / C++ code style
[2.979s] -- Configured uncrustify additional arguments: 
[2.992s] -- Added test 'xmllint' to check XML markup files
[3.002s] -- Configuring done
[3.008s] [31mCMake Error at CMakeLists.txt:22 (add_executable):
[3.008s]   Cannot find source file:
[3.008s] 
[3.008s]     src/orale_node.cpp
[3.008s] 
[3.008s]   Tried extensions .c .C .c++ .cc .cpp .cxx .cu .mpp .m .M .mm .ixx .cppm .h
[3.009s]   .hh .h++ .hm .hpp .hxx .in .txx .f .F .for .f77 .f90 .f95 .f03 .hip .ispc
[3.009s] 
[3.009s] [0m
[3.010s] [31mCMake Error at CMakeLists.txt:22 (add_executable):
[3.011s]   No SOURCES given to target: orale_node
[3.011s] 
[3.011s] [0m
[3.011s] [0mCMake Generate step failed.  Build files cannot be regenerated correctly.[0m
[3.020s] Invoked command in '/home/peach/ros2_ws/src/orale_node/build/orale_node' returned '1': CMAKE_PREFIX_PATH=${CMAKE_PREFIX_PATH}:/home/peach/ros2_ws/install/urdf_tutorial_r2d2:/home/peach/ros2_ws/install/urdf_robot:/home/peach/ros2_ws/install/p9n_bringup:/home/peach/ros2_ws/install/rqt_controller_manager:/home/peach/ros2_ws/install/rosboard:/home/peach/ros2_ws/install/ros2controlcli:/home/peach/ros2_ws/install/ros2_workshop:/home/peach/ros2_ws/install/lucia_slam_navigation:/home/peach/ros2_ws/src/urdf_tutorial_r2d2/install/urdf_tutorial_r2d2:/home/peach/ros2_ws/src/install/urdf_tutorial_r2d2:/home/peach/ros2_ws/src/install/urdf_robot:/home/peach/ros2_ws/src/install/ros2_workshop:/home/peach/ros2_ws/src/install/raspimouse_cartographer:/opt/ros/humble /usr/bin/cmake /home/peach/ros2_ws/src/orale_node -DCMAKE_INSTALL_PREFIX=/home/peach/ros2_ws/src/orale_node/install/orale_node
