[0.144s] DEBUG:colcon:Command line arguments: ['/usr/bin/colcon', 'build']
[0.144s] DEBUG:colcon:Parsed command line arguments: Namespace(log_base=None, log_level=None, verb_name='build', build_base='build', install_base='install', merge_install=False, symlink_install=False, test_result_base=None, continue_on_error=False, executor='parallel', parallel_workers=8, event_handlers=None, ignore_user_meta=False, metas=['./colcon.meta'], base_paths=['.'], packages_ignore=None, packages_ignore_regex=None, paths=None, packages_up_to=None, packages_up_to_regex=None, packages_above=None, packages_above_and_dependencies=None, packages_above_depth=None, packages_select_by_dep=None, packages_skip_by_dep=None, packages_skip_up_to=None, packages_select_build_failed=False, packages_skip_build_finished=False, packages_select_test_failures=False, packages_skip_test_passed=False, packages_select=None, packages_skip=None, packages_select_regex=None, packages_skip_regex=None, packages_start=None, packages_end=None, allow_overriding=[], cmake_args=None, cmake_target=None, cmake_target_skip_unavailable=False, cmake_clean_cache=False, cmake_clean_first=False, cmake_force_configure=False, ament_cmake_args=None, catkin_cmake_args=None, catkin_skip_building_tests=False, verb_parser=<colcon_defaults.argument_parser.defaults.DefaultArgumentsDecorator object at 0x73f61c48b3d0>, verb_extension=<colcon_core.verb.build.BuildVerb object at 0x73f61c48a7d0>, main=<bound method BuildVerb.main of <colcon_core.verb.build.BuildVerb object at 0x73f61c48a7d0>>)
[0.353s] Level 1:colcon.colcon_core.package_discovery:discover_packages(colcon_meta) check parameters
[0.354s] Level 1:colcon.colcon_core.package_discovery:discover_packages(recursive) check parameters
[0.354s] Level 1:colcon.colcon_core.package_discovery:discover_packages(ignore) check parameters
[0.354s] Level 1:colcon.colcon_core.package_discovery:discover_packages(path) check parameters
[0.354s] Level 1:colcon.colcon_core.package_discovery:discover_packages(colcon_meta) discover
[0.354s] Level 1:colcon.colcon_core.package_discovery:discover_packages(recursive) discover
[0.354s] INFO:colcon.colcon_core.package_discovery:Crawling recursively for packages in '/home/peach/ros2_ws/src/orale_node'
[0.354s] Level 1:colcon.colcon_core.package_identification:_identify(.) by extensions ['ignore', 'ignore_ament_install']
[0.354s] Level 1:colcon.colcon_core.package_identification:_identify(.) by extension 'ignore'
[0.354s] Level 1:colcon.colcon_core.package_identification:_identify(.) by extension 'ignore_ament_install'
[0.354s] Level 1:colcon.colcon_core.package_identification:_identify(.) by extensions ['colcon_pkg']
[0.354s] Level 1:colcon.colcon_core.package_identification:_identify(.) by extension 'colcon_pkg'
[0.354s] Level 1:colcon.colcon_core.package_identification:_identify(.) by extensions ['colcon_meta']
[0.354s] Level 1:colcon.colcon_core.package_identification:_identify(.) by extension 'colcon_meta'
[0.354s] Level 1:colcon.colcon_core.package_identification:_identify(.) by extensions ['ros']
[0.354s] Level 1:colcon.colcon_core.package_identification:_identify(.) by extension 'ros'
[0.373s] DEBUG:colcon.colcon_core.package_identification:Package '.' with type 'ros.ament_cmake' and name 'orale_node'
[0.373s] Level 1:colcon.colcon_core.package_discovery:discover_packages(recursive) using defaults
[0.373s] Level 1:colcon.colcon_core.package_discovery:discover_packages(ignore) discover
[0.373s] Level 1:colcon.colcon_core.package_discovery:discover_packages(ignore) using defaults
[0.373s] Level 1:colcon.colcon_core.package_discovery:discover_packages(path) discover
[0.373s] Level 1:colcon.colcon_core.package_discovery:discover_packages(path) using defaults
[0.394s] Level 1:colcon.colcon_core.package_discovery:discover_packages(prefix_path) check parameters
[0.394s] Level 1:colcon.colcon_core.package_discovery:discover_packages(prefix_path) discover
[0.406s] DEBUG:colcon.colcon_installed_package_information.package_discovery:Found 55 installed packages in /home/peach/ros2_ws/install
[0.407s] DEBUG:colcon.colcon_installed_package_information.package_discovery:Found 7 installed packages in /home/peach/install
[0.408s] DEBUG:colcon.colcon_installed_package_information.package_discovery:Found 1 installed packages in /home/peach/ros2_ws/src/urdf_tutorial_r2d2/install
[0.409s] DEBUG:colcon.colcon_installed_package_information.package_discovery:Found 19 installed packages in /home/peach/ros2_ws/src/install
[0.412s] DEBUG:colcon.colcon_installed_package_information.package_discovery:Found 1 installed packages in /home/peach/ros2_ws/src/lucia_controller/install
[0.415s] DEBUG:colcon.colcon_installed_package_information.package_discovery:Found 463 installed packages in /opt/ros/humble
[0.419s] Level 1:colcon.colcon_core.package_discovery:discover_packages(prefix_path) using defaults
[0.491s] Level 5:colcon.colcon_core.verb:set package 'orale_node' build argument 'cmake_args' from command line to 'None'
[0.491s] Level 5:colcon.colcon_core.verb:set package 'orale_node' build argument 'cmake_target' from command line to 'None'
[0.491s] Level 5:colcon.colcon_core.verb:set package 'orale_node' build argument 'cmake_target_skip_unavailable' from command line to 'False'
[0.491s] Level 5:colcon.colcon_core.verb:set package 'orale_node' build argument 'cmake_clean_cache' from command line to 'False'
[0.491s] Level 5:colcon.colcon_core.verb:set package 'orale_node' build argument 'cmake_clean_first' from command line to 'False'
[0.491s] Level 5:colcon.colcon_core.verb:set package 'orale_node' build argument 'cmake_force_configure' from command line to 'False'
[0.491s] Level 5:colcon.colcon_core.verb:set package 'orale_node' build argument 'ament_cmake_args' from command line to 'None'
[0.491s] Level 5:colcon.colcon_core.verb:set package 'orale_node' build argument 'catkin_cmake_args' from command line to 'None'
[0.492s] Level 5:colcon.colcon_core.verb:set package 'orale_node' build argument 'catkin_skip_building_tests' from command line to 'False'
[0.492s] DEBUG:colcon.colcon_core.verb:Building package 'orale_node' with the following arguments: {'ament_cmake_args': None, 'build_base': '/home/peach/ros2_ws/src/orale_node/build/orale_node', 'catkin_cmake_args': None, 'catkin_skip_building_tests': False, 'cmake_args': None, 'cmake_clean_cache': False, 'cmake_clean_first': False, 'cmake_force_configure': False, 'cmake_target': None, 'cmake_target_skip_unavailable': False, 'install_base': '/home/peach/ros2_ws/src/orale_node/install/orale_node', 'merge_install': False, 'path': '/home/peach/ros2_ws/src/orale_node', 'symlink_install': False, 'test_result_base': None}
[0.492s] INFO:colcon.colcon_core.executor:Executing jobs using 'parallel' executor
[0.493s] DEBUG:colcon.colcon_parallel_executor.executor.parallel:run_until_complete
[0.493s] INFO:colcon.colcon_ros.task.ament_cmake.build:Building ROS package in '/home/peach/ros2_ws/src/orale_node' with build type 'ament_cmake'
[0.494s] INFO:colcon.colcon_cmake.task.cmake.build:Building CMake package in '/home/peach/ros2_ws/src/orale_node'
[0.497s] INFO:colcon.colcon_core.plugin_system:Skipping extension 'colcon_core.shell.bat': Not used on non-Windows systems
[0.497s] INFO:colcon.colcon_core.shell:Skip shell extension 'powershell' for command environment: Not usable outside of PowerShell
[0.497s] DEBUG:colcon.colcon_core.shell:Skip shell extension 'dsv' for command environment
[0.532s] DEBUG:colcon.colcon_core.event_handler.log_command:Invoking command in '/home/peach/ros2_ws/src/orale_node/build/orale_node': CMAKE_PREFIX_PATH=${CMAKE_PREFIX_PATH}:/home/peach/ros2_ws/install/urdf_tutorial_r2d2:/home/peach/ros2_ws/install/urdf_robot:/home/peach/ros2_ws/install/p9n_bringup:/home/peach/ros2_ws/install/rqt_controller_manager:/home/peach/ros2_ws/install/rosboard:/home/peach/ros2_ws/install/ros2controlcli:/home/peach/ros2_ws/install/ros2_workshop:/home/peach/ros2_ws/install/lucia_slam_navigation:/home/peach/ros2_ws/src/urdf_tutorial_r2d2/install/urdf_tutorial_r2d2:/home/peach/ros2_ws/src/install/urdf_tutorial_r2d2:/home/peach/ros2_ws/src/install/urdf_robot:/home/peach/ros2_ws/src/install/ros2_workshop:/home/peach/ros2_ws/src/install/raspimouse_cartographer:/opt/ros/humble /usr/bin/cmake /home/peach/ros2_ws/src/orale_node -DCMAKE_INSTALL_PREFIX=/home/peach/ros2_ws/src/orale_node/install/orale_node
[3.514s] DEBUG:colcon.colcon_core.event_handler.log_command:Invoked command in '/home/peach/ros2_ws/src/orale_node/build/orale_node' returned '1': CMAKE_PREFIX_PATH=${CMAKE_PREFIX_PATH}:/home/peach/ros2_ws/install/urdf_tutorial_r2d2:/home/peach/ros2_ws/install/urdf_robot:/home/peach/ros2_ws/install/p9n_bringup:/home/peach/ros2_ws/install/rqt_controller_manager:/home/peach/ros2_ws/install/rosboard:/home/peach/ros2_ws/install/ros2controlcli:/home/peach/ros2_ws/install/ros2_workshop:/home/peach/ros2_ws/install/lucia_slam_navigation:/home/peach/ros2_ws/src/urdf_tutorial_r2d2/install/urdf_tutorial_r2d2:/home/peach/ros2_ws/src/install/urdf_tutorial_r2d2:/home/peach/ros2_ws/src/install/urdf_robot:/home/peach/ros2_ws/src/install/ros2_workshop:/home/peach/ros2_ws/src/install/raspimouse_cartographer:/opt/ros/humble /usr/bin/cmake /home/peach/ros2_ws/src/orale_node -DCMAKE_INSTALL_PREFIX=/home/peach/ros2_ws/src/orale_node/install/orale_node
[3.539s] Level 1:colcon.colcon_core.environment:create_environment_scripts_only(orale_node)
[3.543s] Level 1:colcon.colcon_core.environment:checking '/home/peach/ros2_ws/src/orale_node/install/orale_node' for CMake module files
[3.543s] Level 1:colcon.colcon_core.environment:checking '/home/peach/ros2_ws/src/orale_node/install/orale_node' for CMake config files
[3.544s] Level 1:colcon.colcon_core.environment:checking '/home/peach/ros2_ws/src/orale_node/install/orale_node/bin'
[3.544s] Level 1:colcon.colcon_core.environment:checking '/home/peach/ros2_ws/src/orale_node/install/orale_node/lib/pkgconfig/orale_node.pc'
[3.544s] Level 1:colcon.colcon_core.environment:checking '/home/peach/ros2_ws/src/orale_node/install/orale_node/lib/python3.10/site-packages'
[3.544s] Level 1:colcon.colcon_core.environment:checking '/home/peach/ros2_ws/src/orale_node/install/orale_node/bin'
[3.544s] INFO:colcon.colcon_core.shell:Creating package script '/home/peach/ros2_ws/src/orale_node/install/orale_node/share/orale_node/package.ps1'
[3.546s] INFO:colcon.colcon_core.shell:Creating package descriptor '/home/peach/ros2_ws/src/orale_node/install/orale_node/share/orale_node/package.dsv'
[3.546s] INFO:colcon.colcon_core.shell:Creating package script '/home/peach/ros2_ws/src/orale_node/install/orale_node/share/orale_node/package.sh'
[3.547s] INFO:colcon.colcon_core.shell:Creating package script '/home/peach/ros2_ws/src/orale_node/install/orale_node/share/orale_node/package.bash'
[3.548s] INFO:colcon.colcon_core.shell:Creating package script '/home/peach/ros2_ws/src/orale_node/install/orale_node/share/orale_node/package.zsh'
[3.549s] Level 1:colcon.colcon_core.environment:create_file_with_runtime_dependencies(/home/peach/ros2_ws/src/orale_node/install/orale_node/share/colcon-core/packages/orale_node)
[3.559s] DEBUG:colcon.colcon_parallel_executor.executor.parallel:closing loop
[3.560s] DEBUG:colcon.colcon_parallel_executor.executor.parallel:loop closed
[3.560s] DEBUG:colcon.colcon_parallel_executor.executor.parallel:run_until_complete finished with '1'
[3.560s] DEBUG:colcon.colcon_core.event_reactor:joining thread
[3.568s] INFO:colcon.colcon_core.plugin_system:Skipping extension 'colcon_notification.desktop_notification.terminal_notifier': Not used on non-Darwin systems
[3.568s] INFO:colcon.colcon_core.plugin_system:Skipping extension 'colcon_notification.desktop_notification.win32': Not used on non-Windows systems
[3.568s] INFO:colcon.colcon_notification.desktop_notification:Sending desktop notification using 'notify2'
[3.581s] DEBUG:colcon.colcon_core.event_reactor:joined thread
[3.582s] INFO:colcon.colcon_core.shell:Creating prefix script '/home/peach/ros2_ws/src/orale_node/install/local_setup.ps1'
[3.583s] INFO:colcon.colcon_core.shell:Creating prefix util module '/home/peach/ros2_ws/src/orale_node/install/_local_setup_util_ps1.py'
[3.584s] INFO:colcon.colcon_core.shell:Creating prefix chain script '/home/peach/ros2_ws/src/orale_node/install/setup.ps1'
[3.594s] INFO:colcon.colcon_core.shell:Creating prefix script '/home/peach/ros2_ws/src/orale_node/install/local_setup.sh'
[3.595s] INFO:colcon.colcon_core.shell:Creating prefix util module '/home/peach/ros2_ws/src/orale_node/install/_local_setup_util_sh.py'
[3.596s] INFO:colcon.colcon_core.shell:Creating prefix chain script '/home/peach/ros2_ws/src/orale_node/install/setup.sh'
[3.607s] INFO:colcon.colcon_core.shell:Creating prefix script '/home/peach/ros2_ws/src/orale_node/install/local_setup.bash'
[3.608s] INFO:colcon.colcon_core.shell:Creating prefix chain script '/home/peach/ros2_ws/src/orale_node/install/setup.bash'
[3.619s] INFO:colcon.colcon_core.shell:Creating prefix script '/home/peach/ros2_ws/src/orale_node/install/local_setup.zsh'
[3.620s] INFO:colcon.colcon_core.shell:Creating prefix chain script '/home/peach/ros2_ws/src/orale_node/install/setup.zsh'
