-- Found ament_cmake: 1.3.10 (/opt/ros/humble/share/ament_cmake/cmake)
-- Found rclcpp: 16.0.10 (/opt/ros/humble/share/rclcpp/cmake)
-- Found rosidl_generator_c: 3.1.5 (/opt/ros/humble/share/rosidl_generator_c/cmake)
-- Found rosidl_adapter: 3.1.5 (/opt/ros/humble/share/rosidl_adapter/cmake)
-- Found rosidl_generator_cpp: 3.1.5 (/opt/ros/humble/share/rosidl_generator_cpp/cmake)
-- Using all available rosidl_typesupport_c: rosidl_typesupport_fastrtps_c;rosidl_typesupport_introspection_c
-- Using all available rosidl_typesupport_cpp: rosidl_typesupport_fastrtps_cpp;rosidl_typesupport_introspection_cpp
-- Found rmw_implementation_cmake: 6.1.2 (/opt/ros/humble/share/rmw_implementation_cmake/cmake)
-- Found rmw_fastrtps_cpp: 6.2.7 (/opt/ros/humble/share/rmw_fastrtps_cpp/cmake)
-- Using RMW implementation 'rmw_fastrtps_cpp' as default
-- Found geometry_msgs: 4.2.4 (/opt/ros/humble/share/geometry_msgs/cmake)
-- Configuring done
-- Generating done
-- Build files have been written to: /home/peach/ros2_ws/src/orale_node/build/orale_node
[35m[1mConsolidate compiler generated dependencies of target orale_node[0m
[ 50%] [32mBuilding CXX object CMakeFiles/orale_node.dir/src/read_serial.cpp.o[0m
[100%] [32m[1mLinking CXX executable orale_node[0m
[100%] Built target orale_node
-- Install configuration: ""
-- Installing: /home/peach/ros2_ws/src/orale_node/install/orale_node/lib/orale_node/orale_node
-- Set runtime path of "/home/peach/ros2_ws/src/orale_node/install/orale_node/lib/orale_node/orale_node" to ""
-- Installing: /home/peach/ros2_ws/src/orale_node/install/orale_node/share/ament_index/resource_index/package_run_dependencies/orale_node
-- Up-to-date: /home/peach/ros2_ws/src/orale_node/install/orale_node/share/ament_index/resource_index/parent_prefix_path/orale_node
-- Up-to-date: /home/peach/ros2_ws/src/orale_node/install/orale_node/share/orale_node/environment/ament_prefix_path.sh
-- Installing: /home/peach/ros2_ws/src/orale_node/install/orale_node/share/orale_node/environment/ament_prefix_path.dsv
-- Up-to-date: /home/peach/ros2_ws/src/orale_node/install/orale_node/share/orale_node/environment/path.sh
-- Installing: /home/peach/ros2_ws/src/orale_node/install/orale_node/share/orale_node/environment/path.dsv
-- Up-to-date: /home/peach/ros2_ws/src/orale_node/install/orale_node/share/orale_node/local_setup.bash
-- Up-to-date: /home/peach/ros2_ws/src/orale_node/install/orale_node/share/orale_node/local_setup.sh
-- Up-to-date: /home/peach/ros2_ws/src/orale_node/install/orale_node/share/orale_node/local_setup.zsh
-- Installing: /home/peach/ros2_ws/src/orale_node/install/orale_node/share/orale_node/local_setup.dsv
-- Installing: /home/peach/ros2_ws/src/orale_node/install/orale_node/share/orale_node/package.dsv
-- Up-to-date: /home/peach/ros2_ws/src/orale_node/install/orale_node/share/ament_index/resource_index/packages/orale_node
-- Up-to-date: /home/peach/ros2_ws/src/orale_node/install/orale_node/share/orale_node/cmake/orale_nodeConfig.cmake
-- Up-to-date: /home/peach/ros2_ws/src/orale_node/install/orale_node/share/orale_node/cmake/orale_nodeConfig-version.cmake
-- Installing: /home/peach/ros2_ws/src/orale_node/install/orale_node/share/orale_node/package.xml
