[0.087s] Invoking command in '/home/peach/ros2_ws/src/orale_node/build/orale_node': CMAKE_PREFIX_PATH=${CMAKE_PREFIX_PATH}:/home/peach/ros2_ws/install/urdf_tutorial_r2d2:/home/peach/ros2_ws/install/urdf_robot:/home/peach/ros2_ws/install/p9n_bringup:/home/peach/ros2_ws/install/rqt_controller_manager:/home/peach/ros2_ws/install/rosboard:/home/peach/ros2_ws/install/ros2controlcli:/home/peach/ros2_ws/install/ros2_workshop:/home/peach/ros2_ws/install/lucia_slam_navigation:/home/peach/ros2_ws/src/urdf_tutorial_r2d2/install/urdf_tutorial_r2d2:/home/peach/ros2_ws/src/install/urdf_tutorial_r2d2:/home/peach/ros2_ws/src/install/urdf_robot:/home/peach/ros2_ws/src/install/ros2_workshop:/home/peach/ros2_ws/src/install/raspimouse_cartographer:/opt/ros/humble /usr/bin/cmake --build /home/peach/ros2_ws/src/orale_node/build/orale_node -- -j8 -l8
[0.245s] -- Found ament_cmake: 1.3.10 (/opt/ros/humble/share/ament_cmake/cmake)
[0.795s] -- Found rclcpp: 16.0.10 (/opt/ros/humble/share/rclcpp/cmake)
[0.901s] -- Found rosidl_generator_c: 3.1.5 (/opt/ros/humble/share/rosidl_generator_c/cmake)
[0.910s] -- Found rosidl_adapter: 3.1.5 (/opt/ros/humble/share/rosidl_adapter/cmake)
[0.927s] -- Found rosidl_generator_cpp: 3.1.5 (/opt/ros/humble/share/rosidl_generator_cpp/cmake)
[0.972s] -- Using all available rosidl_typesupport_c: rosidl_typesupport_fastrtps_c;rosidl_typesupport_introspection_c
[1.014s] -- Using all available rosidl_typesupport_cpp: rosidl_typesupport_fastrtps_cpp;rosidl_typesupport_introspection_cpp
[1.107s] -- Found rmw_implementation_cmake: 6.1.2 (/opt/ros/humble/share/rmw_implementation_cmake/cmake)
[1.111s] -- Found rmw_fastrtps_cpp: 6.2.7 (/opt/ros/humble/share/rmw_fastrtps_cpp/cmake)
[1.767s] -- Using RMW implementation 'rmw_fastrtps_cpp' as default
[1.874s] -- Found geometry_msgs: 4.2.4 (/opt/ros/humble/share/geometry_msgs/cmake)
[2.135s] -- Configuring done
[2.207s] -- Generating done
[2.227s] -- Build files have been written to: /home/peach/ros2_ws/src/orale_node/build/orale_node
[2.412s] [35m[1mConsolidate compiler generated dependencies of target orale_node[0m
[2.527s] [ 50%] [32mBuilding CXX object CMakeFiles/orale_node.dir/src/read_serial.cpp.o[0m
[16.085s] [100%] [32m[1mLinking CXX executable orale_node[0m
[16.975s] [100%] Built target orale_node
[17.032s] Invoked command in '/home/peach/ros2_ws/src/orale_node/build/orale_node' returned '0': CMAKE_PREFIX_PATH=${CMAKE_PREFIX_PATH}:/home/peach/ros2_ws/install/urdf_tutorial_r2d2:/home/peach/ros2_ws/install/urdf_robot:/home/peach/ros2_ws/install/p9n_bringup:/home/peach/ros2_ws/install/rqt_controller_manager:/home/peach/ros2_ws/install/rosboard:/home/peach/ros2_ws/install/ros2controlcli:/home/peach/ros2_ws/install/ros2_workshop:/home/peach/ros2_ws/install/lucia_slam_navigation:/home/peach/ros2_ws/src/urdf_tutorial_r2d2/install/urdf_tutorial_r2d2:/home/peach/ros2_ws/src/install/urdf_tutorial_r2d2:/home/peach/ros2_ws/src/install/urdf_robot:/home/peach/ros2_ws/src/install/ros2_workshop:/home/peach/ros2_ws/src/install/raspimouse_cartographer:/opt/ros/humble /usr/bin/cmake --build /home/peach/ros2_ws/src/orale_node/build/orale_node -- -j8 -l8
[17.090s] Invoking command in '/home/peach/ros2_ws/src/orale_node/build/orale_node': CMAKE_PREFIX_PATH=${CMAKE_PREFIX_PATH}:/home/peach/ros2_ws/install/urdf_tutorial_r2d2:/home/peach/ros2_ws/install/urdf_robot:/home/peach/ros2_ws/install/p9n_bringup:/home/peach/ros2_ws/install/rqt_controller_manager:/home/peach/ros2_ws/install/rosboard:/home/peach/ros2_ws/install/ros2controlcli:/home/peach/ros2_ws/install/ros2_workshop:/home/peach/ros2_ws/install/lucia_slam_navigation:/home/peach/ros2_ws/src/urdf_tutorial_r2d2/install/urdf_tutorial_r2d2:/home/peach/ros2_ws/src/install/urdf_tutorial_r2d2:/home/peach/ros2_ws/src/install/urdf_robot:/home/peach/ros2_ws/src/install/ros2_workshop:/home/peach/ros2_ws/src/install/raspimouse_cartographer:/opt/ros/humble /usr/bin/cmake --install /home/peach/ros2_ws/src/orale_node/build/orale_node
[17.134s] -- Install configuration: ""
[17.135s] -- Installing: /home/peach/ros2_ws/src/orale_node/install/orale_node/lib/orale_node/orale_node
[17.143s] -- Set runtime path of "/home/peach/ros2_ws/src/orale_node/install/orale_node/lib/orale_node/orale_node" to ""
[17.143s] -- Installing: /home/peach/ros2_ws/src/orale_node/install/orale_node/share/ament_index/resource_index/package_run_dependencies/orale_node
[17.145s] -- Up-to-date: /home/peach/ros2_ws/src/orale_node/install/orale_node/share/ament_index/resource_index/parent_prefix_path/orale_node
[17.146s] -- Up-to-date: /home/peach/ros2_ws/src/orale_node/install/orale_node/share/orale_node/environment/ament_prefix_path.sh
[17.147s] -- Installing: /home/peach/ros2_ws/src/orale_node/install/orale_node/share/orale_node/environment/ament_prefix_path.dsv
[17.148s] -- Up-to-date: /home/peach/ros2_ws/src/orale_node/install/orale_node/share/orale_node/environment/path.sh
[17.148s] -- Installing: /home/peach/ros2_ws/src/orale_node/install/orale_node/share/orale_node/environment/path.dsv
[17.148s] -- Up-to-date: /home/peach/ros2_ws/src/orale_node/install/orale_node/share/orale_node/local_setup.bash
[17.149s] -- Up-to-date: /home/peach/ros2_ws/src/orale_node/install/orale_node/share/orale_node/local_setup.sh
[17.149s] -- Up-to-date: /home/peach/ros2_ws/src/orale_node/install/orale_node/share/orale_node/local_setup.zsh
[17.149s] -- Installing: /home/peach/ros2_ws/src/orale_node/install/orale_node/share/orale_node/local_setup.dsv
[17.150s] -- Installing: /home/peach/ros2_ws/src/orale_node/install/orale_node/share/orale_node/package.dsv
[17.151s] -- Up-to-date: /home/peach/ros2_ws/src/orale_node/install/orale_node/share/ament_index/resource_index/packages/orale_node
[17.151s] -- Up-to-date: /home/peach/ros2_ws/src/orale_node/install/orale_node/share/orale_node/cmake/orale_nodeConfig.cmake
[17.151s] -- Up-to-date: /home/peach/ros2_ws/src/orale_node/install/orale_node/share/orale_node/cmake/orale_nodeConfig-version.cmake
[17.152s] -- Installing: /home/peach/ros2_ws/src/orale_node/install/orale_node/share/orale_node/package.xml
[17.156s] Invoked command in '/home/peach/ros2_ws/src/orale_node/build/orale_node' returned '0': CMAKE_PREFIX_PATH=${CMAKE_PREFIX_PATH}:/home/peach/ros2_ws/install/urdf_tutorial_r2d2:/home/peach/ros2_ws/install/urdf_robot:/home/peach/ros2_ws/install/p9n_bringup:/home/peach/ros2_ws/install/rqt_controller_manager:/home/peach/ros2_ws/install/rosboard:/home/peach/ros2_ws/install/ros2controlcli:/home/peach/ros2_ws/install/ros2_workshop:/home/peach/ros2_ws/install/lucia_slam_navigation:/home/peach/ros2_ws/src/urdf_tutorial_r2d2/install/urdf_tutorial_r2d2:/home/peach/ros2_ws/src/install/urdf_tutorial_r2d2:/home/peach/ros2_ws/src/install/urdf_robot:/home/peach/ros2_ws/src/install/ros2_workshop:/home/peach/ros2_ws/src/install/raspimouse_cartographer:/opt/ros/humble /usr/bin/cmake --install /home/peach/ros2_ws/src/orale_node/build/orale_node
