[0.033s] Invoking command in '/home/peach/ros2_ws/src/orale_node/build/orale_node': CMAKE_PREFIX_PATH=${CMAKE_PREFIX_PATH}:/home/peach/ros2_ws/install/urdf_tutorial_r2d2:/home/peach/ros2_ws/install/urdf_robot:/home/peach/ros2_ws/install/p9n_bringup:/home/peach/ros2_ws/install/rqt_controller_manager:/home/peach/ros2_ws/install/rosboard:/home/peach/ros2_ws/install/ros2controlcli:/home/peach/ros2_ws/install/ros2_workshop:/home/peach/ros2_ws/install/lucia_slam_navigation:/home/peach/ros2_ws/src/urdf_tutorial_r2d2/install/urdf_tutorial_r2d2:/home/peach/ros2_ws/src/install/urdf_tutorial_r2d2:/home/peach/ros2_ws/src/install/urdf_robot:/home/peach/ros2_ws/src/install/ros2_workshop:/home/peach/ros2_ws/src/install/raspimouse_cartographer:/opt/ros/humble /usr/bin/cmake /home/peach/ros2_ws/src/orale_node -DCMAKE_INSTALL_PREFIX=/home/peach/ros2_ws/src/orale_node/install/orale_node
[0.165s] -- The C compiler identification is GNU 11.4.0
[0.271s] -- The CXX compiler identification is GNU 11.4.0
[0.287s] -- Detecting C compiler ABI info
[0.472s] -- Detecting C compiler ABI info - done
[0.477s] -- Check for working C compiler: /usr/bin/cc - skipped
[0.477s] -- Detecting C compile features
[0.478s] -- Detecting C compile features - done
[0.483s] -- Detecting CXX compiler ABI info
[0.678s] -- Detecting CXX compiler ABI info - done
[0.684s] -- Check for working CXX compiler: /usr/bin/c++ - skipped
[0.685s] -- Detecting CXX compile features
[0.685s] -- Detecting CXX compile features - done
[0.718s] -- Found ament_cmake: 1.3.10 (/opt/ros/humble/share/ament_cmake/cmake)
[1.047s] -- Found Python3: /usr/bin/python3 (found version "3.10.12") found components: Interpreter 
[1.552s] -- Found rclcpp: 16.0.10 (/opt/ros/humble/share/rclcpp/cmake)
[1.584s] [33mCMake Warning (dev) at /opt/ros/humble/share/ament_cmake_core/cmake/core/list_append_unique.cmake:30 (if):
[1.584s]   Policy CMP0057 is not set: Support new IN_LIST if() operator.  Run "cmake
[1.584s]   --help-policy CMP0057" for policy details.  Use the cmake_policy command to
[1.584s]   set the policy and suppress this warning.
[1.585s] 
[1.585s]   IN_LIST will be interpreted as an operator when the policy is set to NEW.
[1.585s]   Since the policy is not set the OLD behavior will be used.
[1.585s] Call Stack (most recent call first):
[1.585s]   /opt/ros/humble/share/rclcpp/cmake/ament_cmake_export_dependencies-extras.cmake:34 (list_append_unique)
[1.585s]   /opt/ros/humble/share/rclcpp/cmake/rclcppConfig.cmake:41 (include)
[1.585s]   CMakeLists.txt:14 (find_package)
[1.585s] This warning is for project developers.  Use -Wno-dev to suppress it.
[1.585s] [0m
[1.586s] [31mCMake Error at /opt/ros/humble/share/ament_cmake_core/cmake/core/list_append_unique.cmake:30 (if):
[1.586s]   if given arguments:
[1.586s] 
[1.586s]     "NOT" "element" "IN_LIST" "rclcpp_INCLUDE_DIRS"
[1.586s] 
[1.586s]   Unknown arguments specified
[1.586s] Call Stack (most recent call first):
[1.586s]   /opt/ros/humble/share/rclcpp/cmake/ament_cmake_export_dependencies-extras.cmake:34 (list_append_unique)
[1.586s]   /opt/ros/humble/share/rclcpp/cmake/rclcppConfig.cmake:41 (include)
[1.586s]   CMakeLists.txt:14 (find_package)
[1.586s] 
[1.586s] [0m
[1.586s] -- Configuring incomplete, errors occurred!
[1.587s] See also "/home/peach/ros2_ws/src/orale_node/build/orale_node/CMakeFiles/CMakeOutput.log".
[1.592s] Invoked command in '/home/peach/ros2_ws/src/orale_node/build/orale_node' returned '1': CMAKE_PREFIX_PATH=${CMAKE_PREFIX_PATH}:/home/peach/ros2_ws/install/urdf_tutorial_r2d2:/home/peach/ros2_ws/install/urdf_robot:/home/peach/ros2_ws/install/p9n_bringup:/home/peach/ros2_ws/install/rqt_controller_manager:/home/peach/ros2_ws/install/rosboard:/home/peach/ros2_ws/install/ros2controlcli:/home/peach/ros2_ws/install/ros2_workshop:/home/peach/ros2_ws/install/lucia_slam_navigation:/home/peach/ros2_ws/src/urdf_tutorial_r2d2/install/urdf_tutorial_r2d2:/home/peach/ros2_ws/src/install/urdf_tutorial_r2d2:/home/peach/ros2_ws/src/install/urdf_robot:/home/peach/ros2_ws/src/install/ros2_workshop:/home/peach/ros2_ws/src/install/raspimouse_cartographer:/opt/ros/humble /usr/bin/cmake /home/peach/ros2_ws/src/orale_node -DCMAKE_INSTALL_PREFIX=/home/peach/ros2_ws/src/orale_node/install/orale_node
