[0.364s] DEBUG:colcon:Command line arguments: ['/usr/bin/colcon', 'build']
[0.364s] DEBUG:colcon:Parsed command line arguments: Namespace(log_base=None, log_level=None, verb_name='build', build_base='build', install_base='install', merge_install=False, symlink_install=False, test_result_base=None, continue_on_error=False, executor='parallel', parallel_workers=8, event_handlers=None, ignore_user_meta=False, metas=['./colcon.meta'], base_paths=['.'], packages_ignore=None, packages_ignore_regex=None, paths=None, packages_up_to=None, packages_up_to_regex=None, packages_above=None, packages_above_and_dependencies=None, packages_above_depth=None, packages_select_by_dep=None, packages_skip_by_dep=None, packages_skip_up_to=None, packages_select_build_failed=False, packages_skip_build_finished=False, packages_select_test_failures=False, packages_skip_test_passed=False, packages_select=None, packages_skip=None, packages_select_regex=None, packages_skip_regex=None, packages_start=None, packages_end=None, allow_overriding=[], cmake_args=None, cmake_target=None, cmake_target_skip_unavailable=False, cmake_clean_cache=False, cmake_clean_first=False, cmake_force_configure=False, ament_cmake_args=None, catkin_cmake_args=None, catkin_skip_building_tests=False, verb_parser=<colcon_defaults.argument_parser.defaults.DefaultArgumentsDecorator object at 0x7a0a737ff340>, verb_extension=<colcon_core.verb.build.BuildVerb object at 0x7a0a737fe740>, main=<bound method BuildVerb.main of <colcon_core.verb.build.BuildVerb object at 0x7a0a737fe740>>)
[1.134s] Level 1:colcon.colcon_core.package_discovery:discover_packages(colcon_meta) check parameters
[1.134s] Level 1:colcon.colcon_core.package_discovery:discover_packages(recursive) check parameters
[1.134s] Level 1:colcon.colcon_core.package_discovery:discover_packages(ignore) check parameters
[1.134s] Level 1:colcon.colcon_core.package_discovery:discover_packages(path) check parameters
[1.134s] Level 1:colcon.colcon_core.package_discovery:discover_packages(colcon_meta) discover
[1.134s] Level 1:colcon.colcon_core.package_discovery:discover_packages(recursive) discover
[1.134s] INFO:colcon.colcon_core.package_discovery:Crawling recursively for packages in '/home/peach/ros2_ws/src/orale_node'
[1.135s] Level 1:colcon.colcon_core.package_identification:_identify(.) by extensions ['ignore', 'ignore_ament_install']
[1.135s] Level 1:colcon.colcon_core.package_identification:_identify(.) by extension 'ignore'
[1.135s] Level 1:colcon.colcon_core.package_identification:_identify(.) by extension 'ignore_ament_install'
[1.135s] Level 1:colcon.colcon_core.package_identification:_identify(.) by extensions ['colcon_pkg']
[1.135s] Level 1:colcon.colcon_core.package_identification:_identify(.) by extension 'colcon_pkg'
[1.135s] Level 1:colcon.colcon_core.package_identification:_identify(.) by extensions ['colcon_meta']
[1.135s] Level 1:colcon.colcon_core.package_identification:_identify(.) by extension 'colcon_meta'
[1.136s] Level 1:colcon.colcon_core.package_identification:_identify(.) by extensions ['ros']
[1.136s] Level 1:colcon.colcon_core.package_identification:_identify(.) by extension 'ros'
[1.193s] DEBUG:colcon.colcon_core.package_identification:Package '.' with type 'ros.ament_cmake' and name 'orale_node'
[1.193s] Level 1:colcon.colcon_core.package_discovery:discover_packages(recursive) using defaults
[1.194s] Level 1:colcon.colcon_core.package_discovery:discover_packages(ignore) discover
[1.194s] Level 1:colcon.colcon_core.package_discovery:discover_packages(ignore) using defaults
[1.194s] Level 1:colcon.colcon_core.package_discovery:discover_packages(path) discover
[1.194s] Level 1:colcon.colcon_core.package_discovery:discover_packages(path) using defaults
[1.264s] Level 1:colcon.colcon_core.package_discovery:discover_packages(prefix_path) check parameters
[1.264s] Level 1:colcon.colcon_core.package_discovery:discover_packages(prefix_path) discover
[1.298s] DEBUG:colcon.colcon_installed_package_information.package_discovery:Found 55 installed packages in /home/peach/ros2_ws/install
[1.301s] DEBUG:colcon.colcon_installed_package_information.package_discovery:Found 7 installed packages in /home/peach/install
[1.303s] DEBUG:colcon.colcon_installed_package_information.package_discovery:Found 1 installed packages in /home/peach/ros2_ws/src/urdf_tutorial_r2d2/install
[1.307s] DEBUG:colcon.colcon_installed_package_information.package_discovery:Found 19 installed packages in /home/peach/ros2_ws/src/install
[1.314s] DEBUG:colcon.colcon_installed_package_information.package_discovery:Found 1 installed packages in /home/peach/ros2_ws/src/lucia_controller/install
[1.324s] DEBUG:colcon.colcon_installed_package_information.package_discovery:Found 463 installed packages in /opt/ros/humble
[1.333s] Level 1:colcon.colcon_core.package_discovery:discover_packages(prefix_path) using defaults
[1.559s] Level 5:colcon.colcon_core.verb:set package 'orale_node' build argument 'cmake_args' from command line to 'None'
[1.560s] Level 5:colcon.colcon_core.verb:set package 'orale_node' build argument 'cmake_target' from command line to 'None'
[1.560s] Level 5:colcon.colcon_core.verb:set package 'orale_node' build argument 'cmake_target_skip_unavailable' from command line to 'False'
[1.560s] Level 5:colcon.colcon_core.verb:set package 'orale_node' build argument 'cmake_clean_cache' from command line to 'False'
[1.560s] Level 5:colcon.colcon_core.verb:set package 'orale_node' build argument 'cmake_clean_first' from command line to 'False'
[1.560s] Level 5:colcon.colcon_core.verb:set package 'orale_node' build argument 'cmake_force_configure' from command line to 'False'
[1.561s] Level 5:colcon.colcon_core.verb:set package 'orale_node' build argument 'ament_cmake_args' from command line to 'None'
[1.561s] Level 5:colcon.colcon_core.verb:set package 'orale_node' build argument 'catkin_cmake_args' from command line to 'None'
[1.562s] Level 5:colcon.colcon_core.verb:set package 'orale_node' build argument 'catkin_skip_building_tests' from command line to 'False'
[1.562s] DEBUG:colcon.colcon_core.verb:Building package 'orale_node' with the following arguments: {'ament_cmake_args': None, 'build_base': '/home/peach/ros2_ws/src/orale_node/build/orale_node', 'catkin_cmake_args': None, 'catkin_skip_building_tests': False, 'cmake_args': None, 'cmake_clean_cache': False, 'cmake_clean_first': False, 'cmake_force_configure': False, 'cmake_target': None, 'cmake_target_skip_unavailable': False, 'install_base': '/home/peach/ros2_ws/src/orale_node/install/orale_node', 'merge_install': False, 'path': '/home/peach/ros2_ws/src/orale_node', 'symlink_install': False, 'test_result_base': None}
[1.564s] INFO:colcon.colcon_core.executor:Executing jobs using 'parallel' executor
[1.567s] DEBUG:colcon.colcon_parallel_executor.executor.parallel:run_until_complete
[1.568s] INFO:colcon.colcon_ros.task.ament_cmake.build:Building ROS package in '/home/peach/ros2_ws/src/orale_node' with build type 'ament_cmake'
[1.568s] INFO:colcon.colcon_cmake.task.cmake.build:Building CMake package in '/home/peach/ros2_ws/src/orale_node'
[1.579s] INFO:colcon.colcon_core.plugin_system:Skipping extension 'colcon_core.shell.bat': Not used on non-Windows systems
[1.579s] INFO:colcon.colcon_core.shell:Skip shell extension 'powershell' for command environment: Not usable outside of PowerShell
[1.579s] DEBUG:colcon.colcon_core.shell:Skip shell extension 'dsv' for command environment
[1.688s] DEBUG:colcon.colcon_core.event_handler.log_command:Invoking command in '/home/peach/ros2_ws/src/orale_node/build/orale_node': CMAKE_PREFIX_PATH=${CMAKE_PREFIX_PATH}:/home/peach/ros2_ws/install/urdf_tutorial_r2d2:/home/peach/ros2_ws/install/urdf_robot:/home/peach/ros2_ws/install/p9n_bringup:/home/peach/ros2_ws/install/rqt_controller_manager:/home/peach/ros2_ws/install/rosboard:/home/peach/ros2_ws/install/ros2controlcli:/home/peach/ros2_ws/install/ros2_workshop:/home/peach/ros2_ws/install/lucia_slam_navigation:/home/peach/ros2_ws/src/urdf_tutorial_r2d2/install/urdf_tutorial_r2d2:/home/peach/ros2_ws/src/install/urdf_tutorial_r2d2:/home/peach/ros2_ws/src/install/urdf_robot:/home/peach/ros2_ws/src/install/ros2_workshop:/home/peach/ros2_ws/src/install/raspimouse_cartographer:/opt/ros/humble /usr/bin/cmake --build /home/peach/ros2_ws/src/orale_node/build/orale_node -- -j8 -l8
[4.255s] DEBUG:colcon.colcon_core.event_handler.log_command:Invoked command in '/home/peach/ros2_ws/src/orale_node/build/orale_node' returned '2': CMAKE_PREFIX_PATH=${CMAKE_PREFIX_PATH}:/home/peach/ros2_ws/install/urdf_tutorial_r2d2:/home/peach/ros2_ws/install/urdf_robot:/home/peach/ros2_ws/install/p9n_bringup:/home/peach/ros2_ws/install/rqt_controller_manager:/home/peach/ros2_ws/install/rosboard:/home/peach/ros2_ws/install/ros2controlcli:/home/peach/ros2_ws/install/ros2_workshop:/home/peach/ros2_ws/install/lucia_slam_navigation:/home/peach/ros2_ws/src/urdf_tutorial_r2d2/install/urdf_tutorial_r2d2:/home/peach/ros2_ws/src/install/urdf_tutorial_r2d2:/home/peach/ros2_ws/src/install/urdf_robot:/home/peach/ros2_ws/src/install/ros2_workshop:/home/peach/ros2_ws/src/install/raspimouse_cartographer:/opt/ros/humble /usr/bin/cmake --build /home/peach/ros2_ws/src/orale_node/build/orale_node -- -j8 -l8
[4.256s] Level 1:colcon.colcon_core.environment:create_environment_scripts_only(orale_node)
[4.265s] Level 1:colcon.colcon_core.environment:checking '/home/peach/ros2_ws/src/orale_node/install/orale_node' for CMake module files
[4.266s] Level 1:colcon.colcon_core.environment:checking '/home/peach/ros2_ws/src/orale_node/install/orale_node' for CMake config files
[4.267s] Level 1:colcon.colcon_core.shell:create_environment_hook('orale_node', 'cmake_prefix_path')
[4.267s] INFO:colcon.colcon_core.shell:Creating environment hook '/home/peach/ros2_ws/src/orale_node/install/orale_node/share/orale_node/hook/cmake_prefix_path.ps1'
[4.270s] INFO:colcon.colcon_core.shell:Creating environment descriptor '/home/peach/ros2_ws/src/orale_node/install/orale_node/share/orale_node/hook/cmake_prefix_path.dsv'
[4.271s] INFO:colcon.colcon_core.shell:Creating environment hook '/home/peach/ros2_ws/src/orale_node/install/orale_node/share/orale_node/hook/cmake_prefix_path.sh'
[4.273s] Level 1:colcon.colcon_core.environment:checking '/home/peach/ros2_ws/src/orale_node/install/orale_node/bin'
[4.273s] Level 1:colcon.colcon_core.shell:create_environment_hook('orale_node', 'path')
[4.273s] INFO:colcon.colcon_core.shell:Creating environment hook '/home/peach/ros2_ws/src/orale_node/install/orale_node/share/orale_node/hook/path.ps1'
[4.274s] INFO:colcon.colcon_core.shell:Creating environment descriptor '/home/peach/ros2_ws/src/orale_node/install/orale_node/share/orale_node/hook/path.dsv'
[4.276s] INFO:colcon.colcon_core.shell:Creating environment hook '/home/peach/ros2_ws/src/orale_node/install/orale_node/share/orale_node/hook/path.sh'
[4.277s] Level 1:colcon.colcon_core.environment:checking '/home/peach/ros2_ws/src/orale_node/install/orale_node/lib/pkgconfig/orale_node.pc'
[4.277s] Level 1:colcon.colcon_core.environment:checking '/home/peach/ros2_ws/src/orale_node/install/orale_node/lib/python3.10/site-packages'
[4.277s] Level 1:colcon.colcon_core.environment:checking '/home/peach/ros2_ws/src/orale_node/install/orale_node/bin'
[4.278s] Level 1:colcon.colcon_core.shell:create_environment_hook('orale_node', 'pythonscriptspath')
[4.278s] INFO:colcon.colcon_core.shell:Creating environment hook '/home/peach/ros2_ws/src/orale_node/install/orale_node/share/orale_node/hook/pythonscriptspath.ps1'
[4.279s] INFO:colcon.colcon_core.shell:Creating environment descriptor '/home/peach/ros2_ws/src/orale_node/install/orale_node/share/orale_node/hook/pythonscriptspath.dsv'
[4.280s] INFO:colcon.colcon_core.shell:Creating environment hook '/home/peach/ros2_ws/src/orale_node/install/orale_node/share/orale_node/hook/pythonscriptspath.sh'
[4.282s] INFO:colcon.colcon_core.shell:Creating package script '/home/peach/ros2_ws/src/orale_node/install/orale_node/share/orale_node/package.ps1'
[4.284s] INFO:colcon.colcon_core.shell:Creating package descriptor '/home/peach/ros2_ws/src/orale_node/install/orale_node/share/orale_node/package.dsv'
[4.285s] INFO:colcon.colcon_core.shell:Creating package script '/home/peach/ros2_ws/src/orale_node/install/orale_node/share/orale_node/package.sh'
[4.287s] INFO:colcon.colcon_core.shell:Creating package script '/home/peach/ros2_ws/src/orale_node/install/orale_node/share/orale_node/package.bash'
[4.288s] INFO:colcon.colcon_core.shell:Creating package script '/home/peach/ros2_ws/src/orale_node/install/orale_node/share/orale_node/package.zsh'
[4.290s] Level 1:colcon.colcon_core.environment:create_file_with_runtime_dependencies(/home/peach/ros2_ws/src/orale_node/install/orale_node/share/colcon-core/packages/orale_node)
[4.302s] DEBUG:colcon.colcon_parallel_executor.executor.parallel:closing loop
[4.302s] DEBUG:colcon.colcon_parallel_executor.executor.parallel:loop closed
[4.303s] DEBUG:colcon.colcon_parallel_executor.executor.parallel:run_until_complete finished with '2'
[4.303s] DEBUG:colcon.colcon_core.event_reactor:joining thread
[4.327s] INFO:colcon.colcon_core.plugin_system:Skipping extension 'colcon_notification.desktop_notification.terminal_notifier': Not used on non-Darwin systems
[4.327s] INFO:colcon.colcon_core.plugin_system:Skipping extension 'colcon_notification.desktop_notification.win32': Not used on non-Windows systems
[4.328s] INFO:colcon.colcon_notification.desktop_notification:Sending desktop notification using 'notify2'
[4.383s] DEBUG:colcon.colcon_core.event_reactor:joined thread
[4.384s] INFO:colcon.colcon_core.shell:Creating prefix script '/home/peach/ros2_ws/src/orale_node/install/local_setup.ps1'
[4.385s] INFO:colcon.colcon_core.shell:Creating prefix util module '/home/peach/ros2_ws/src/orale_node/install/_local_setup_util_ps1.py'
[4.388s] INFO:colcon.colcon_core.shell:Creating prefix chain script '/home/peach/ros2_ws/src/orale_node/install/setup.ps1'
[4.413s] INFO:colcon.colcon_core.shell:Creating prefix script '/home/peach/ros2_ws/src/orale_node/install/local_setup.sh'
[4.415s] INFO:colcon.colcon_core.shell:Creating prefix util module '/home/peach/ros2_ws/src/orale_node/install/_local_setup_util_sh.py'
[4.419s] INFO:colcon.colcon_core.shell:Creating prefix chain script '/home/peach/ros2_ws/src/orale_node/install/setup.sh'
[4.446s] INFO:colcon.colcon_core.shell:Creating prefix script '/home/peach/ros2_ws/src/orale_node/install/local_setup.bash'
[4.448s] INFO:colcon.colcon_core.shell:Creating prefix chain script '/home/peach/ros2_ws/src/orale_node/install/setup.bash'
[4.479s] INFO:colcon.colcon_core.shell:Creating prefix script '/home/peach/ros2_ws/src/orale_node/install/local_setup.zsh'
[4.483s] INFO:colcon.colcon_core.shell:Creating prefix chain script '/home/peach/ros2_ws/src/orale_node/install/setup.zsh'
